2020-05-06 16:40:03,741 | INFO  | restartedMain:c.b.c.ConfigApplication:679 | The following profiles are active: native
2020-05-06 16:40:05,287 | INFO  | restartedMain:o.s.c.c.s.GenericScope:295 | BeanFactory id=873e6992-9d5b-36ce-bf05-46f0d339f875
2020-05-06 16:40:05,412 | INFO  | restartedMain:o.s.c.s.PostProcessorRegistrationDelegate$BeanPostProcessorChecker:330 | Bean 'org.springframework.cloud.autoconfigure.ConfigurationPropertiesRebinderAutoConfiguration' of type [org.springframework.cloud.autoconfigure.ConfigurationPropertiesRebinderAutoConfiguration$$EnhancerBySpringCGLIB$$eab51b22] is not eligible for getting processed by all BeanPostProcessors (for example: not eligible for auto-proxying)
2020-05-06 16:40:05,959 | INFO  | restartedMain:o.s.b.w.e.t.TomcatWebServer:90 | Tomcat initialized with port(s): 1001 (http)
2020-05-06 16:40:05,974 | INFO  | restartedMain:o.a.c.h.Http11NioProtocol:173 | Initializing ProtocolHandler ["http-nio-1001"]
2020-05-06 16:40:05,990 | INFO  | restartedMain:o.a.c.c.StandardService:173 | Starting service [Tomcat]
2020-05-06 16:40:05,990 | INFO  | restartedMain:o.a.c.c.StandardEngine:173 | Starting Servlet engine: [Apache Tomcat/9.0.16]
2020-05-06 16:40:05,990 | INFO  | restartedMain:o.a.c.c.AprLifecycleListener:173 | The APR based Apache Tomcat Native library which allows optimal performance in production environments was not found on the java.library.path: [D:\java1.8\jdk\jre\bin;C:\WINDOWS\Sun\Java\bin;C:\WINDOWS\system32;C:\WINDOWS;C:\ProgramData\Oracle\Java\javapath;C:\WINDOWS\system32;C:\WINDOWS;C:\WINDOWS\System32\Wbem;C:\WINDOWS\System32\WindowsPowerShell\v1.0\;"D:\java1.8\jdk\bin;";C:\WINDOWS\System32\OpenSSH\;D:\MySQL\MySQL5.5\bin;D:\mysql5.7.21\bin;D:\Git\cmd;D:\MySQL 5.5\bin;D:\sqoop-1.4.7\bin;C:\Program Files\VanDyke Software\Clients\;D:\TortoiseSVN\bin;D:\nodejs;D:\nodejs\node_global;D:\apache-maven-3.5.0\bin;C:\MinGW\bin;D:\Redis\;D:\Erlang\bin;C:\Users\mark\AppData\Local\Microsoft\WindowsApps;D:\Microsoft VS Code\bin;C:\Users\mark\AppData\Local\BypassRuntm;C:\Users\mark\AppData\Local\Microsoft\WindowsApps;C:\Users\mark\AppData\Local\GitHubDesktop\bin;D:\bandizip\;.]
2020-05-06 16:40:06,273 | INFO  | restartedMain:o.a.c.c.C.[.[.[/]:173 | Initializing Spring embedded WebApplicationContext
2020-05-06 16:40:06,273 | INFO  | restartedMain:o.s.w.c.ContextLoader:296 | Root WebApplicationContext: initialization completed in 2517 ms
2020-05-06 16:40:06,382 | INFO  | restartedMain:c.n.c.s.URLConfigurationSource:122 | To enable URLs as dynamic configuration sources, define System property archaius.configurationSource.additionalUrls or make config.properties available on classpath.
2020-05-06 16:40:06,398 | INFO  | restartedMain:c.n.c.DynamicPropertyFactory:281 | DynamicPropertyFactory is initialized with configuration sources: com.netflix.config.ConcurrentCompositeConfiguration@77fbc32c
2020-05-06 16:40:09,288 | INFO  | restartedMain:o.s.c.c.u.InetUtils:170 | Cannot determine local hostname
2020-05-06 16:40:09,678 | INFO  | restartedMain:c.n.c.s.URLConfigurationSource:122 | To enable URLs as dynamic configuration sources, define System property archaius.configurationSource.additionalUrls or make config.properties available on classpath.
2020-05-06 16:40:09,913 | INFO  | restartedMain:o.s.s.c.ThreadPoolTaskExecutor:171 | Initializing ExecutorService 'applicationTaskExecutor'
2020-05-06 16:40:14,037 | INFO  | restartedMain:o.s.c.c.u.InetUtils:170 | Cannot determine local hostname
2020-05-06 16:40:14,443 | INFO  | restartedMain:o.s.b.a.e.w.EndpointLinksResolver:59 | Exposing 19 endpoint(s) beneath base path '/actuator'
2020-05-06 16:40:14,568 | INFO  | restartedMain:o.s.c.n.e.InstanceInfoFactory:72 | Setting initial instance status as: STARTING
2020-05-06 16:40:14,599 | INFO  | restartedMain:c.n.d.DiscoveryClient:349 | Initializing Eureka in region us-east-1
2020-05-06 16:40:15,772 | INFO  | restartedMain:c.n.d.p.DiscoveryJerseyProvider:70 | Using JSON encoding codec LegacyJacksonJson
2020-05-06 16:40:15,772 | INFO  | restartedMain:c.n.d.p.DiscoveryJerseyProvider:71 | Using JSON decoding codec LegacyJacksonJson
2020-05-06 16:40:15,897 | INFO  | restartedMain:c.n.d.p.DiscoveryJerseyProvider:80 | Using XML encoding codec XStreamXml
2020-05-06 16:40:15,897 | INFO  | restartedMain:c.n.d.p.DiscoveryJerseyProvider:81 | Using XML decoding codec XStreamXml
2020-05-06 16:40:16,163 | INFO  | restartedMain:c.n.d.s.r.a.ConfigClusterResolver:43 | Resolving eureka endpoints via configuration
2020-05-06 16:40:17,147 | INFO  | restartedMain:c.n.d.DiscoveryClient:958 | Disable delta property : false
2020-05-06 16:40:17,147 | INFO  | restartedMain:c.n.d.DiscoveryClient:959 | Single vip registry refresh property : null
2020-05-06 16:40:17,147 | INFO  | restartedMain:c.n.d.DiscoveryClient:960 | Force full registry fetch : false
2020-05-06 16:40:17,147 | INFO  | restartedMain:c.n.d.DiscoveryClient:961 | Application is null : false
2020-05-06 16:40:17,163 | INFO  | restartedMain:c.n.d.DiscoveryClient:962 | Registered Applications size is zero : true
2020-05-06 16:40:17,163 | INFO  | restartedMain:c.n.d.DiscoveryClient:964 | Application version is -1: true
2020-05-06 16:40:17,163 | INFO  | restartedMain:c.n.d.DiscoveryClient:1047 | Getting all instance registry info from the eureka server
2020-05-06 16:40:18,381 | INFO  | restartedMain:c.n.d.DiscoveryClient:1056 | The response status is 200
2020-05-06 16:40:18,381 | INFO  | restartedMain:c.n.d.DiscoveryClient:1270 | Starting heartbeat executor: renew interval is: 30
2020-05-06 16:40:18,381 | INFO  | restartedMain:c.n.d.InstanceInfoReplicator:60 | InstanceInfoReplicator onDemand update allowed rate per min is 4
2020-05-06 16:40:18,397 | INFO  | restartedMain:c.n.d.DiscoveryClient:449 | Discovery Client initialized at timestamp 1588754418397 with initial instances count: 0
2020-05-06 16:40:18,397 | INFO  | restartedMain:o.s.c.n.e.s.EurekaServiceRegistry:41 | Registering application CONFIG with eureka with status UP
2020-05-06 16:40:18,397 | INFO  | restartedMain:c.n.d.DiscoveryClient:1305 | Saw local status change event StatusChangeEvent [timestamp=1588754418397, current=UP, previous=STARTING]
2020-05-06 16:40:18,429 | INFO  | DiscoveryClient-InstanceInfoReplicator-0:c.n.d.DiscoveryClient:826 | DiscoveryClient_CONFIG/localhost:config:1001: registering service...
2020-05-06 16:40:18,475 | INFO  | restartedMain:o.a.c.h.Http11NioProtocol:173 | Starting ProtocolHandler ["http-nio-1001"]
2020-05-06 16:40:18,522 | INFO  | restartedMain:o.s.b.w.e.t.TomcatWebServer:204 | Tomcat started on port(s): 1001 (http) with context path ''
2020-05-06 16:40:18,522 | INFO  | restartedMain:o.s.c.n.e.s.EurekaAutoServiceRegistration:143 | Updating port to 1001
2020-05-06 16:40:18,537 | INFO  | restartedMain:c.b.c.ConfigApplication:59 | Started ConfigApplication in 21.953 seconds (JVM running for 27.514)
2020-05-06 16:40:18,693 | INFO  | DiscoveryClient-InstanceInfoReplicator-0:c.n.d.DiscoveryClient:835 | DiscoveryClient_CONFIG/localhost:config:1001 - registration status: 204
2020-05-06 16:40:20,402 | INFO  | RMI TCP Connection(2)-192.168.1.1:o.a.c.c.C.[.[.[/]:173 | Initializing Spring DispatcherServlet 'dispatcherServlet'
2020-05-06 16:40:20,402 | INFO  | RMI TCP Connection(2)-192.168.1.1:o.s.w.s.DispatcherServlet:524 | Initializing Servlet 'dispatcherServlet'
2020-05-06 16:40:20,418 | INFO  | RMI TCP Connection(2)-192.168.1.1:o.s.w.s.DispatcherServlet:546 | Completed initialization in 16 ms
2020-05-06 16:40:23,132 | INFO  | RMI TCP Connection(3)-192.168.1.1:o.s.c.c.u.InetUtils:170 | Cannot determine local hostname
2020-05-06 16:40:23,194 | INFO  | RMI TCP Connection(3)-192.168.1.1:o.s.b.d.e.DevToolsPropertyDefaultsPostProcessor:227 | Devtools property defaults active! Set 'spring.devtools.add-properties' to 'false' to disable
2020-05-06 16:40:48,396 | INFO  | DiscoveryClient-CacheRefreshExecutor-0:c.n.d.DiscoveryClient:958 | Disable delta property : false
2020-05-06 16:40:48,396 | INFO  | DiscoveryClient-CacheRefreshExecutor-0:c.n.d.DiscoveryClient:959 | Single vip registry refresh property : null
2020-05-06 16:40:48,396 | INFO  | DiscoveryClient-CacheRefreshExecutor-0:c.n.d.DiscoveryClient:960 | Force full registry fetch : false
2020-05-06 16:40:48,396 | INFO  | DiscoveryClient-CacheRefreshExecutor-0:c.n.d.DiscoveryClient:961 | Application is null : false
2020-05-06 16:40:48,396 | INFO  | DiscoveryClient-CacheRefreshExecutor-0:c.n.d.DiscoveryClient:962 | Registered Applications size is zero : true
2020-05-06 16:40:48,396 | INFO  | DiscoveryClient-CacheRefreshExecutor-0:c.n.d.DiscoveryClient:964 | Application version is -1: false
2020-05-06 16:40:48,396 | INFO  | DiscoveryClient-CacheRefreshExecutor-0:c.n.d.DiscoveryClient:1047 | Getting all instance registry info from the eureka server
2020-05-06 16:40:48,443 | INFO  | DiscoveryClient-CacheRefreshExecutor-0:c.n.d.DiscoveryClient:1056 | The response status is 200
2020-05-06 16:41:22,918 | INFO  | http-nio-1001-exec-1:o.s.c.c.u.InetUtils:170 | Cannot determine local hostname
2020-05-06 16:41:23,037 | INFO  | http-nio-1001-exec-1:o.s.b.d.e.DevToolsPropertyDefaultsPostProcessor:227 | Devtools property defaults active! Set 'spring.devtools.add-properties' to 'false' to disable
2020-05-06 16:41:23,058 | INFO  | http-nio-1001-exec-1:o.s.c.c.s.e.NativeEnvironmentRepository:266 | Adding property source: classpath:/config/gateway-dev.yml
2020-05-06 16:41:56,030 | INFO  | http-nio-1001-exec-3:o.s.c.c.u.InetUtils:170 | Cannot determine local hostname
2020-05-06 16:41:56,155 | INFO  | http-nio-1001-exec-3:o.s.b.d.e.DevToolsPropertyDefaultsPostProcessor:227 | Devtools property defaults active! Set 'spring.devtools.add-properties' to 'false' to disable
2020-05-06 16:41:56,202 | INFO  | http-nio-1001-exec-3:o.s.c.c.s.e.NativeEnvironmentRepository:266 | Adding property source: classpath:/config/gateway-dev.yml
2020-05-06 16:42:14,775 | INFO  | http-nio-1001-exec-4:o.s.c.c.u.InetUtils:170 | Cannot determine local hostname
2020-05-06 16:42:14,806 | INFO  | http-nio-1001-exec-4:o.s.b.d.e.DevToolsPropertyDefaultsPostProcessor:227 | Devtools property defaults active! Set 'spring.devtools.add-properties' to 'false' to disable
2020-05-06 16:44:07,070 | INFO  | http-nio-1001-exec-6:o.s.c.c.u.InetUtils:170 | Cannot determine local hostname
2020-05-06 16:44:07,086 | INFO  | http-nio-1001-exec-6:o.s.b.d.e.DevToolsPropertyDefaultsPostProcessor:227 | Devtools property defaults active! Set 'spring.devtools.add-properties' to 'false' to disable
2020-05-06 16:45:17,169 | INFO  | AsyncResolver-bootstrap-executor-0:c.n.d.s.r.a.ConfigClusterResolver:43 | Resolving eureka endpoints via configuration
2020-05-06 16:48:52,824 | INFO  | http-nio-1001-exec-8:o.s.c.c.u.InetUtils:170 | Cannot determine local hostname
2020-05-06 16:48:52,870 | INFO  | http-nio-1001-exec-8:o.s.b.d.e.DevToolsPropertyDefaultsPostProcessor:227 | Devtools property defaults active! Set 'spring.devtools.add-properties' to 'false' to disable
2020-05-06 16:49:11,062 | INFO  | http-nio-1001-exec-10:o.s.c.c.u.InetUtils:170 | Cannot determine local hostname
2020-05-06 16:49:11,108 | INFO  | http-nio-1001-exec-10:o.s.b.d.e.DevToolsPropertyDefaultsPostProcessor:227 | Devtools property defaults active! Set 'spring.devtools.add-properties' to 'false' to disable
2020-05-06 16:50:17,178 | INFO  | AsyncResolver-bootstrap-executor-0:c.n.d.s.r.a.ConfigClusterResolver:43 | Resolving eureka endpoints via configuration
2020-05-06 16:52:12,180 | INFO  | http-nio-1001-exec-2:o.s.c.c.u.InetUtils:170 | Cannot determine local hostname
2020-05-06 16:52:12,195 | INFO  | http-nio-1001-exec-2:o.s.b.d.e.DevToolsPropertyDefaultsPostProcessor:227 | Devtools property defaults active! Set 'spring.devtools.add-properties' to 'false' to disable
2020-05-06 16:55:17,194 | INFO  | AsyncResolver-bootstrap-executor-0:c.n.d.s.r.a.ConfigClusterResolver:43 | Resolving eureka endpoints via configuration
2020-05-06 16:55:25,820 | INFO  | http-nio-1001-exec-4:o.s.c.c.u.InetUtils:170 | Cannot determine local hostname
2020-05-06 16:55:25,866 | INFO  | http-nio-1001-exec-4:o.s.b.d.e.DevToolsPropertyDefaultsPostProcessor:227 | Devtools property defaults active! Set 'spring.devtools.add-properties' to 'false' to disable
2020-05-06 16:56:34,303 | INFO  | http-nio-1001-exec-6:o.s.c.c.u.InetUtils:170 | Cannot determine local hostname
2020-05-06 16:56:34,413 | INFO  | http-nio-1001-exec-6:o.s.b.d.e.DevToolsPropertyDefaultsPostProcessor:227 | Devtools property defaults active! Set 'spring.devtools.add-properties' to 'false' to disable
2020-05-06 17:00:17,306 | INFO  | AsyncResolver-bootstrap-executor-0:c.n.d.s.r.a.ConfigClusterResolver:43 | Resolving eureka endpoints via configuration
2020-05-06 17:05:17,322 | INFO  | AsyncResolver-bootstrap-executor-0:c.n.d.s.r.a.ConfigClusterResolver:43 | Resolving eureka endpoints via configuration
2020-05-06 17:08:36,993 | INFO  | http-nio-1001-exec-8:o.s.c.c.u.InetUtils:170 | Cannot determine local hostname
2020-05-06 17:08:37,070 | INFO  | http-nio-1001-exec-8:o.s.b.d.e.DevToolsPropertyDefaultsPostProcessor:227 | Devtools property defaults active! Set 'spring.devtools.add-properties' to 'false' to disable
2020-05-06 17:10:17,325 | INFO  | AsyncResolver-bootstrap-executor-0:c.n.d.s.r.a.ConfigClusterResolver:43 | Resolving eureka endpoints via configuration
2020-05-06 17:15:17,340 | INFO  | AsyncResolver-bootstrap-executor-0:c.n.d.s.r.a.ConfigClusterResolver:43 | Resolving eureka endpoints via configuration
2020-05-06 17:20:17,352 | INFO  | AsyncResolver-bootstrap-executor-0:c.n.d.s.r.a.ConfigClusterResolver:43 | Resolving eureka endpoints via configuration
2020-05-06 17:25:17,354 | INFO  | AsyncResolver-bootstrap-executor-0:c.n.d.s.r.a.ConfigClusterResolver:43 | Resolving eureka endpoints via configuration
2020-05-06 17:30:17,356 | INFO  | AsyncResolver-bootstrap-executor-0:c.n.d.s.r.a.ConfigClusterResolver:43 | Resolving eureka endpoints via configuration
2020-05-06 17:35:17,368 | INFO  | AsyncResolver-bootstrap-executor-0:c.n.d.s.r.a.ConfigClusterResolver:43 | Resolving eureka endpoints via configuration
2020-05-06 17:40:17,373 | INFO  | AsyncResolver-bootstrap-executor-0:c.n.d.s.r.a.ConfigClusterResolver:43 | Resolving eureka endpoints via configuration
2020-05-06 17:45:17,377 | INFO  | AsyncResolver-bootstrap-executor-0:c.n.d.s.r.a.ConfigClusterResolver:43 | Resolving eureka endpoints via configuration
2020-05-06 17:50:17,389 | INFO  | AsyncResolver-bootstrap-executor-0:c.n.d.s.r.a.ConfigClusterResolver:43 | Resolving eureka endpoints via configuration
2020-05-06 17:55:17,412 | INFO  | AsyncResolver-bootstrap-executor-0:c.n.d.s.r.a.ConfigClusterResolver:43 | Resolving eureka endpoints via configuration
2020-05-06 18:00:17,419 | INFO  | AsyncResolver-bootstrap-executor-0:c.n.d.s.r.a.ConfigClusterResolver:43 | Resolving eureka endpoints via configuration
2020-05-06 18:05:17,450 | INFO  | AsyncResolver-bootstrap-executor-0:c.n.d.s.r.a.ConfigClusterResolver:43 | Resolving eureka endpoints via configuration
2020-05-06 18:10:17,452 | INFO  | AsyncResolver-bootstrap-executor-0:c.n.d.s.r.a.ConfigClusterResolver:43 | Resolving eureka endpoints via configuration
2020-05-06 18:15:17,454 | INFO  | AsyncResolver-bootstrap-executor-0:c.n.d.s.r.a.ConfigClusterResolver:43 | Resolving eureka endpoints via configuration
2020-05-06 18:20:20,426 | INFO  | AsyncResolver-bootstrap-executor-0:c.n.d.s.r.a.ConfigClusterResolver:43 | Resolving eureka endpoints via configuration
2020-05-06 18:25:24,185 | INFO  | AsyncResolver-bootstrap-executor-0:c.n.d.s.r.a.ConfigClusterResolver:43 | Resolving eureka endpoints via configuration
2020-05-06 18:30:24,188 | INFO  | AsyncResolver-bootstrap-executor-0:c.n.d.s.r.a.ConfigClusterResolver:43 | Resolving eureka endpoints via configuration
2020-05-06 18:35:24,189 | INFO  | AsyncResolver-bootstrap-executor-0:c.n.d.s.r.a.ConfigClusterResolver:43 | Resolving eureka endpoints via configuration
2020-05-06 18:40:24,191 | INFO  | AsyncResolver-bootstrap-executor-0:c.n.d.s.r.a.ConfigClusterResolver:43 | Resolving eureka endpoints via configuration
2020-05-06 18:45:24,203 | INFO  | AsyncResolver-bootstrap-executor-0:c.n.d.s.r.a.ConfigClusterResolver:43 | Resolving eureka endpoints via configuration
2020-05-06 18:50:17,830 | INFO  | DiscoveryClient-HeartbeatExecutor-0:c.n.d.s.t.d.RetryableEurekaHttpClient:124 | Request execution succeeded on retry #1
2020-05-06 18:50:17,965 | INFO  | DiscoveryClient-CacheRefreshExecutor-0:c.n.d.s.t.d.RetryableEurekaHttpClient:124 | Request execution succeeded on retry #1
2020-05-06 18:50:24,222 | INFO  | AsyncResolver-bootstrap-executor-0:c.n.d.s.r.a.ConfigClusterResolver:43 | Resolving eureka endpoints via configuration
2020-05-06 18:55:24,249 | INFO  | AsyncResolver-bootstrap-executor-0:c.n.d.s.r.a.ConfigClusterResolver:43 | Resolving eureka endpoints via configuration
2020-05-06 19:00:24,293 | INFO  | AsyncResolver-bootstrap-executor-0:c.n.d.s.r.a.ConfigClusterResolver:43 | Resolving eureka endpoints via configuration
2020-05-06 19:05:24,297 | INFO  | AsyncResolver-bootstrap-executor-0:c.n.d.s.r.a.ConfigClusterResolver:43 | Resolving eureka endpoints via configuration
2020-05-06 19:10:24,315 | INFO  | AsyncResolver-bootstrap-executor-0:c.n.d.s.r.a.ConfigClusterResolver:43 | Resolving eureka endpoints via configuration
2020-05-06 19:15:24,319 | INFO  | AsyncResolver-bootstrap-executor-0:c.n.d.s.r.a.ConfigClusterResolver:43 | Resolving eureka endpoints via configuration
2020-05-06 19:20:24,320 | INFO  | AsyncResolver-bootstrap-executor-0:c.n.d.s.r.a.ConfigClusterResolver:43 | Resolving eureka endpoints via configuration
2020-05-06 19:25:24,339 | INFO  | AsyncResolver-bootstrap-executor-0:c.n.d.s.r.a.ConfigClusterResolver:43 | Resolving eureka endpoints via configuration
2020-05-06 19:30:24,342 | INFO  | AsyncResolver-bootstrap-executor-0:c.n.d.s.r.a.ConfigClusterResolver:43 | Resolving eureka endpoints via configuration
2020-05-06 19:35:24,344 | INFO  | AsyncResolver-bootstrap-executor-0:c.n.d.s.r.a.ConfigClusterResolver:43 | Resolving eureka endpoints via configuration
2020-05-06 19:40:24,348 | INFO  | AsyncResolver-bootstrap-executor-0:c.n.d.s.r.a.ConfigClusterResolver:43 | Resolving eureka endpoints via configuration
2020-05-06 19:45:24,354 | INFO  | AsyncResolver-bootstrap-executor-0:c.n.d.s.r.a.ConfigClusterResolver:43 | Resolving eureka endpoints via configuration
2020-05-06 19:50:24,399 | INFO  | AsyncResolver-bootstrap-executor-0:c.n.d.s.r.a.ConfigClusterResolver:43 | Resolving eureka endpoints via configuration
2020-05-06 19:55:24,453 | INFO  | AsyncResolver-bootstrap-executor-0:c.n.d.s.r.a.ConfigClusterResolver:43 | Resolving eureka endpoints via configuration
2020-05-06 20:00:24,470 | INFO  | AsyncResolver-bootstrap-executor-0:c.n.d.s.r.a.ConfigClusterResolver:43 | Resolving eureka endpoints via configuration
2020-05-06 20:05:24,547 | INFO  | AsyncResolver-bootstrap-executor-0:c.n.d.s.r.a.ConfigClusterResolver:43 | Resolving eureka endpoints via configuration
2020-05-06 20:10:24,591 | INFO  | AsyncResolver-bootstrap-executor-0:c.n.d.s.r.a.ConfigClusterResolver:43 | Resolving eureka endpoints via configuration
2020-05-06 20:15:24,646 | INFO  | AsyncResolver-bootstrap-executor-0:c.n.d.s.r.a.ConfigClusterResolver:43 | Resolving eureka endpoints via configuration
2020-05-06 20:20:24,648 | INFO  | AsyncResolver-bootstrap-executor-0:c.n.d.s.r.a.ConfigClusterResolver:43 | Resolving eureka endpoints via configuration
2020-05-06 20:25:24,709 | INFO  | AsyncResolver-bootstrap-executor-0:c.n.d.s.r.a.ConfigClusterResolver:43 | Resolving eureka endpoints via configuration
2020-05-06 20:30:24,711 | INFO  | AsyncResolver-bootstrap-executor-0:c.n.d.s.r.a.ConfigClusterResolver:43 | Resolving eureka endpoints via configuration
2020-05-06 20:35:24,737 | INFO  | AsyncResolver-bootstrap-executor-0:c.n.d.s.r.a.ConfigClusterResolver:43 | Resolving eureka endpoints via configuration
2020-05-06 20:40:24,810 | INFO  | AsyncResolver-bootstrap-executor-0:c.n.d.s.r.a.ConfigClusterResolver:43 | Resolving eureka endpoints via configuration
2020-05-06 20:45:24,836 | INFO  | AsyncResolver-bootstrap-executor-0:c.n.d.s.r.a.ConfigClusterResolver:43 | Resolving eureka endpoints via configuration
2020-05-06 20:50:24,844 | INFO  | AsyncResolver-bootstrap-executor-0:c.n.d.s.r.a.ConfigClusterResolver:43 | Resolving eureka endpoints via configuration
2020-05-06 20:55:24,888 | INFO  | AsyncResolver-bootstrap-executor-0:c.n.d.s.r.a.ConfigClusterResolver:43 | Resolving eureka endpoints via configuration
2020-05-06 21:00:24,908 | INFO  | AsyncResolver-bootstrap-executor-0:c.n.d.s.r.a.ConfigClusterResolver:43 | Resolving eureka endpoints via configuration
2020-05-06 21:05:24,925 | INFO  | AsyncResolver-bootstrap-executor-0:c.n.d.s.r.a.ConfigClusterResolver:43 | Resolving eureka endpoints via configuration
2020-05-06 21:10:24,928 | INFO  | AsyncResolver-bootstrap-executor-0:c.n.d.s.r.a.ConfigClusterResolver:43 | Resolving eureka endpoints via configuration
2020-05-06 21:15:24,930 | INFO  | AsyncResolver-bootstrap-executor-0:c.n.d.s.r.a.ConfigClusterResolver:43 | Resolving eureka endpoints via configuration
2020-05-06 21:20:24,932 | INFO  | AsyncResolver-bootstrap-executor-0:c.n.d.s.r.a.ConfigClusterResolver:43 | Resolving eureka endpoints via configuration
2020-05-06 21:25:24,945 | INFO  | AsyncResolver-bootstrap-executor-0:c.n.d.s.r.a.ConfigClusterResolver:43 | Resolving eureka endpoints via configuration
2020-05-06 21:30:24,963 | INFO  | AsyncResolver-bootstrap-executor-0:c.n.d.s.r.a.ConfigClusterResolver:43 | Resolving eureka endpoints via configuration
2020-05-06 21:35:25,006 | INFO  | AsyncResolver-bootstrap-executor-0:c.n.d.s.r.a.ConfigClusterResolver:43 | Resolving eureka endpoints via configuration
2020-05-06 21:40:25,026 | INFO  | AsyncResolver-bootstrap-executor-0:c.n.d.s.r.a.ConfigClusterResolver:43 | Resolving eureka endpoints via configuration
2020-05-06 21:45:25,071 | INFO  | AsyncResolver-bootstrap-executor-0:c.n.d.s.r.a.ConfigClusterResolver:43 | Resolving eureka endpoints via configuration
2020-05-06 21:50:25,073 | INFO  | AsyncResolver-bootstrap-executor-0:c.n.d.s.r.a.ConfigClusterResolver:43 | Resolving eureka endpoints via configuration
2020-05-06 21:55:25,125 | INFO  | AsyncResolver-bootstrap-executor-0:c.n.d.s.r.a.ConfigClusterResolver:43 | Resolving eureka endpoints via configuration
2020-05-06 22:00:25,144 | INFO  | AsyncResolver-bootstrap-executor-0:c.n.d.s.r.a.ConfigClusterResolver:43 | Resolving eureka endpoints via configuration
2020-05-06 22:05:25,147 | INFO  | AsyncResolver-bootstrap-executor-0:c.n.d.s.r.a.ConfigClusterResolver:43 | Resolving eureka endpoints via configuration
2020-05-06 22:10:25,198 | INFO  | AsyncResolver-bootstrap-executor-0:c.n.d.s.r.a.ConfigClusterResolver:43 | Resolving eureka endpoints via configuration
2020-05-06 22:15:25,200 | INFO  | AsyncResolver-bootstrap-executor-0:c.n.d.s.r.a.ConfigClusterResolver:43 | Resolving eureka endpoints via configuration
2020-05-06 22:20:25,236 | INFO  | AsyncResolver-bootstrap-executor-0:c.n.d.s.r.a.ConfigClusterResolver:43 | Resolving eureka endpoints via configuration
2020-05-06 22:25:25,280 | INFO  | AsyncResolver-bootstrap-executor-0:c.n.d.s.r.a.ConfigClusterResolver:43 | Resolving eureka endpoints via configuration
2020-05-06 22:30:25,282 | INFO  | AsyncResolver-bootstrap-executor-0:c.n.d.s.r.a.ConfigClusterResolver:43 | Resolving eureka endpoints via configuration
2020-05-06 22:35:25,285 | INFO  | AsyncResolver-bootstrap-executor-0:c.n.d.s.r.a.ConfigClusterResolver:43 | Resolving eureka endpoints via configuration
2020-05-06 22:40:25,299 | INFO  | AsyncResolver-bootstrap-executor-0:c.n.d.s.r.a.ConfigClusterResolver:43 | Resolving eureka endpoints via configuration
2020-05-06 22:45:25,303 | INFO  | AsyncResolver-bootstrap-executor-0:c.n.d.s.r.a.ConfigClusterResolver:43 | Resolving eureka endpoints via configuration
2020-05-06 22:50:25,329 | INFO  | AsyncResolver-bootstrap-executor-0:c.n.d.s.r.a.ConfigClusterResolver:43 | Resolving eureka endpoints via configuration
2020-05-06 22:55:25,331 | INFO  | AsyncResolver-bootstrap-executor-0:c.n.d.s.r.a.ConfigClusterResolver:43 | Resolving eureka endpoints via configuration
2020-05-06 23:00:25,333 | INFO  | AsyncResolver-bootstrap-executor-0:c.n.d.s.r.a.ConfigClusterResolver:43 | Resolving eureka endpoints via configuration
2020-05-06 23:05:25,334 | INFO  | AsyncResolver-bootstrap-executor-0:c.n.d.s.r.a.ConfigClusterResolver:43 | Resolving eureka endpoints via configuration
2020-05-06 23:10:25,336 | INFO  | AsyncResolver-bootstrap-executor-0:c.n.d.s.r.a.ConfigClusterResolver:43 | Resolving eureka endpoints via configuration
2020-05-06 23:15:25,338 | INFO  | AsyncResolver-bootstrap-executor-0:c.n.d.s.r.a.ConfigClusterResolver:43 | Resolving eureka endpoints via configuration
2020-05-06 23:20:25,340 | INFO  | AsyncResolver-bootstrap-executor-0:c.n.d.s.r.a.ConfigClusterResolver:43 | Resolving eureka endpoints via configuration
2020-05-06 23:25:25,341 | INFO  | AsyncResolver-bootstrap-executor-0:c.n.d.s.r.a.ConfigClusterResolver:43 | Resolving eureka endpoints via configuration
2020-05-06 23:30:25,344 | INFO  | AsyncResolver-bootstrap-executor-0:c.n.d.s.r.a.ConfigClusterResolver:43 | Resolving eureka endpoints via configuration
2020-05-06 23:35:25,347 | INFO  | AsyncResolver-bootstrap-executor-0:c.n.d.s.r.a.ConfigClusterResolver:43 | Resolving eureka endpoints via configuration
2020-05-06 23:40:25,430 | INFO  | AsyncResolver-bootstrap-executor-0:c.n.d.s.r.a.ConfigClusterResolver:43 | Resolving eureka endpoints via configuration
2020-05-06 23:45:25,433 | INFO  | AsyncResolver-bootstrap-executor-0:c.n.d.s.r.a.ConfigClusterResolver:43 | Resolving eureka endpoints via configuration
2020-05-06 23:50:25,435 | INFO  | AsyncResolver-bootstrap-executor-0:c.n.d.s.r.a.ConfigClusterResolver:43 | Resolving eureka endpoints via configuration
2020-05-06 23:55:25,486 | INFO  | AsyncResolver-bootstrap-executor-0:c.n.d.s.r.a.ConfigClusterResolver:43 | Resolving eureka endpoints via configuration
