2020-05-08 09:56:46,341 | INFO  | restartedMain:c.b.c.ConfigApplication:679 | The following profiles are active: native
2020-05-08 09:56:48,128 | INFO  | restartedMain:o.s.c.c.s.GenericScope:295 | BeanFactory id=873e6992-9d5b-36ce-bf05-46f0d339f875
2020-05-08 09:56:48,279 | INFO  | restartedMain:o.s.c.s.PostProcessorRegistrationDelegate$BeanPostProcessorChecker:330 | Bean 'org.springframework.cloud.autoconfigure.ConfigurationPropertiesRebinderAutoConfiguration' of type [org.springframework.cloud.autoconfigure.ConfigurationPropertiesRebinderAutoConfiguration$$EnhancerBySpringCGLIB$$82bfc34e] is not eligible for getting processed by all BeanPostProcessors (for example: not eligible for auto-proxying)
2020-05-08 09:56:48,900 | INFO  | restartedMain:o.s.b.w.e.t.TomcatWebServer:90 | Tomcat initialized with port(s): 1001 (http)
2020-05-08 09:56:48,922 | INFO  | restartedMain:o.a.c.h.Http11NioProtocol:173 | Initializing ProtocolHandler ["http-nio-1001"]
2020-05-08 09:56:48,936 | INFO  | restartedMain:o.a.c.c.StandardService:173 | Starting service [Tomcat]
2020-05-08 09:56:48,936 | INFO  | restartedMain:o.a.c.c.StandardEngine:173 | Starting Servlet engine: [Apache Tomcat/9.0.16]
2020-05-08 09:56:48,946 | INFO  | restartedMain:o.a.c.c.AprLifecycleListener:173 | The APR based Apache Tomcat Native library which allows optimal performance in production environments was not found on the java.library.path: [D:\java1.8\jdk\jre\bin;C:\WINDOWS\Sun\Java\bin;C:\WINDOWS\system32;C:\WINDOWS;C:\ProgramData\Oracle\Java\javapath;C:\WINDOWS\system32;C:\WINDOWS;C:\WINDOWS\System32\Wbem;C:\WINDOWS\System32\WindowsPowerShell\v1.0\;"D:\java1.8\jdk\bin;";C:\WINDOWS\System32\OpenSSH\;D:\MySQL\MySQL5.5\bin;D:\mysql5.7.21\bin;D:\Git\cmd;D:\MySQL 5.5\bin;D:\sqoop-1.4.7\bin;C:\Program Files\VanDyke Software\Clients\;D:\TortoiseSVN\bin;D:\nodejs;D:\nodejs\node_global;D:\apache-maven-3.5.0\bin;C:\MinGW\bin;D:\Redis\;D:\Erlang\bin;C:\Users\mark\AppData\Local\Microsoft\WindowsApps;D:\Microsoft VS Code\bin;C:\Users\mark\AppData\Local\BypassRuntm;C:\Users\mark\AppData\Local\Microsoft\WindowsApps;C:\Users\mark\AppData\Local\GitHubDesktop\bin;D:\bandizip\;.]
2020-05-08 09:56:49,274 | INFO  | restartedMain:o.a.c.c.C.[.[.[/]:173 | Initializing Spring embedded WebApplicationContext
2020-05-08 09:56:49,274 | INFO  | restartedMain:o.s.w.c.ContextLoader:296 | Root WebApplicationContext: initialization completed in 2900 ms
2020-05-08 09:56:49,390 | INFO  | restartedMain:c.n.c.s.URLConfigurationSource:122 | To enable URLs as dynamic configuration sources, define System property archaius.configurationSource.additionalUrls or make config.properties available on classpath.
2020-05-08 09:56:49,401 | INFO  | restartedMain:c.n.c.DynamicPropertyFactory:281 | DynamicPropertyFactory is initialized with configuration sources: com.netflix.config.ConcurrentCompositeConfiguration@ced49c0
2020-05-08 09:56:52,671 | INFO  | restartedMain:o.s.c.c.u.InetUtils:170 | Cannot determine local hostname
2020-05-08 09:56:53,090 | INFO  | restartedMain:c.n.c.s.URLConfigurationSource:122 | To enable URLs as dynamic configuration sources, define System property archaius.configurationSource.additionalUrls or make config.properties available on classpath.
2020-05-08 09:56:53,366 | INFO  | restartedMain:o.s.s.c.ThreadPoolTaskExecutor:171 | Initializing ExecutorService 'applicationTaskExecutor'
2020-05-08 09:56:58,181 | INFO  | restartedMain:o.s.c.c.u.InetUtils:170 | Cannot determine local hostname
2020-05-08 09:56:59,159 | INFO  | restartedMain:o.s.b.a.e.w.EndpointLinksResolver:59 | Exposing 19 endpoint(s) beneath base path '/actuator'
2020-05-08 09:56:59,301 | INFO  | restartedMain:o.s.c.n.e.InstanceInfoFactory:72 | Setting initial instance status as: STARTING
2020-05-08 09:56:59,345 | INFO  | restartedMain:c.n.d.DiscoveryClient:349 | Initializing Eureka in region us-east-1
2020-05-08 09:57:00,726 | INFO  | restartedMain:c.n.d.p.DiscoveryJerseyProvider:70 | Using JSON encoding codec LegacyJacksonJson
2020-05-08 09:57:00,727 | INFO  | restartedMain:c.n.d.p.DiscoveryJerseyProvider:71 | Using JSON decoding codec LegacyJacksonJson
2020-05-08 09:57:00,913 | INFO  | restartedMain:c.n.d.p.DiscoveryJerseyProvider:80 | Using XML encoding codec XStreamXml
2020-05-08 09:57:00,914 | INFO  | restartedMain:c.n.d.p.DiscoveryJerseyProvider:81 | Using XML decoding codec XStreamXml
2020-05-08 09:57:01,249 | INFO  | restartedMain:c.n.d.s.r.a.ConfigClusterResolver:43 | Resolving eureka endpoints via configuration
2020-05-08 09:57:02,367 | INFO  | restartedMain:c.n.d.DiscoveryClient:958 | Disable delta property : false
2020-05-08 09:57:02,368 | INFO  | restartedMain:c.n.d.DiscoveryClient:959 | Single vip registry refresh property : null
2020-05-08 09:57:02,368 | INFO  | restartedMain:c.n.d.DiscoveryClient:960 | Force full registry fetch : false
2020-05-08 09:57:02,369 | INFO  | restartedMain:c.n.d.DiscoveryClient:961 | Application is null : false
2020-05-08 09:57:02,369 | INFO  | restartedMain:c.n.d.DiscoveryClient:962 | Registered Applications size is zero : true
2020-05-08 09:57:02,370 | INFO  | restartedMain:c.n.d.DiscoveryClient:964 | Application version is -1: true
2020-05-08 09:57:02,370 | INFO  | restartedMain:c.n.d.DiscoveryClient:1047 | Getting all instance registry info from the eureka server
2020-05-08 09:57:03,887 | INFO  | restartedMain:c.n.d.DiscoveryClient:1056 | The response status is 200
2020-05-08 09:57:03,890 | INFO  | restartedMain:c.n.d.DiscoveryClient:1270 | Starting heartbeat executor: renew interval is: 30
2020-05-08 09:57:03,893 | INFO  | restartedMain:c.n.d.InstanceInfoReplicator:60 | InstanceInfoReplicator onDemand update allowed rate per min is 4
2020-05-08 09:57:03,900 | INFO  | restartedMain:c.n.d.DiscoveryClient:449 | Discovery Client initialized at timestamp 1588903023898 with initial instances count: 0
2020-05-08 09:57:03,902 | INFO  | restartedMain:o.s.c.n.e.s.EurekaServiceRegistry:41 | Registering application CONFIG with eureka with status UP
2020-05-08 09:57:03,904 | INFO  | restartedMain:c.n.d.DiscoveryClient:1305 | Saw local status change event StatusChangeEvent [timestamp=1588903023903, current=UP, previous=STARTING]
2020-05-08 09:57:03,919 | INFO  | DiscoveryClient-InstanceInfoReplicator-0:c.n.d.DiscoveryClient:826 | DiscoveryClient_CONFIG/localhost:config:1001: registering service...
2020-05-08 09:57:03,946 | INFO  | restartedMain:o.a.c.h.Http11NioProtocol:173 | Starting ProtocolHandler ["http-nio-1001"]
2020-05-08 09:57:03,986 | INFO  | restartedMain:o.s.b.w.e.t.TomcatWebServer:204 | Tomcat started on port(s): 1001 (http) with context path ''
2020-05-08 09:57:03,988 | INFO  | restartedMain:o.s.c.n.e.s.EurekaAutoServiceRegistration:143 | Updating port to 1001
2020-05-08 09:57:03,991 | INFO  | restartedMain:c.b.c.ConfigApplication:59 | Started ConfigApplication in 26.421 seconds (JVM running for 30.148)
2020-05-08 09:57:04,056 | INFO  | DiscoveryClient-InstanceInfoReplicator-0:c.n.d.DiscoveryClient:835 | DiscoveryClient_CONFIG/localhost:config:1001 - registration status: 204
2020-05-08 09:57:06,568 | INFO  | RMI TCP Connection(5)-192.168.1.1:o.a.c.c.C.[.[.[/]:173 | Initializing Spring DispatcherServlet 'dispatcherServlet'
2020-05-08 09:57:06,569 | INFO  | RMI TCP Connection(5)-192.168.1.1:o.s.w.s.DispatcherServlet:524 | Initializing Servlet 'dispatcherServlet'
2020-05-08 09:57:06,581 | INFO  | RMI TCP Connection(5)-192.168.1.1:o.s.w.s.DispatcherServlet:546 | Completed initialization in 11 ms
2020-05-08 09:57:07,603 | INFO  | RMI TCP Connection(3)-192.168.1.1:o.s.c.c.u.InetUtils:170 | Cannot determine local hostname
2020-05-08 09:57:07,648 | INFO  | RMI TCP Connection(3)-192.168.1.1:o.s.b.d.e.DevToolsPropertyDefaultsPostProcessor:227 | Devtools property defaults active! Set 'spring.devtools.add-properties' to 'false' to disable
2020-05-08 09:57:33,893 | INFO  | DiscoveryClient-CacheRefreshExecutor-0:c.n.d.DiscoveryClient:958 | Disable delta property : false
2020-05-08 09:57:33,894 | INFO  | DiscoveryClient-CacheRefreshExecutor-0:c.n.d.DiscoveryClient:959 | Single vip registry refresh property : null
2020-05-08 09:57:33,894 | INFO  | DiscoveryClient-CacheRefreshExecutor-0:c.n.d.DiscoveryClient:960 | Force full registry fetch : false
2020-05-08 09:57:33,895 | INFO  | DiscoveryClient-CacheRefreshExecutor-0:c.n.d.DiscoveryClient:961 | Application is null : false
2020-05-08 09:57:33,896 | INFO  | DiscoveryClient-CacheRefreshExecutor-0:c.n.d.DiscoveryClient:962 | Registered Applications size is zero : true
2020-05-08 09:57:33,896 | INFO  | DiscoveryClient-CacheRefreshExecutor-0:c.n.d.DiscoveryClient:964 | Application version is -1: false
2020-05-08 09:57:33,897 | INFO  | DiscoveryClient-CacheRefreshExecutor-0:c.n.d.DiscoveryClient:1047 | Getting all instance registry info from the eureka server
2020-05-08 09:57:34,166 | INFO  | DiscoveryClient-CacheRefreshExecutor-0:c.n.d.DiscoveryClient:1056 | The response status is 200
2020-05-08 09:59:53,565 | INFO  | http-nio-1001-exec-1:o.s.c.c.u.InetUtils:170 | Cannot determine local hostname
2020-05-08 09:59:54,009 | INFO  | http-nio-1001-exec-1:o.s.b.d.e.DevToolsPropertyDefaultsPostProcessor:227 | Devtools property defaults active! Set 'spring.devtools.add-properties' to 'false' to disable
2020-05-08 09:59:54,064 | INFO  | http-nio-1001-exec-1:o.s.c.c.s.e.NativeEnvironmentRepository:266 | Adding property source: classpath:/config/gateway-dev.yml
2020-05-08 10:00:38,177 | INFO  | http-nio-1001-exec-3:o.s.c.c.u.InetUtils:170 | Cannot determine local hostname
2020-05-08 10:00:38,375 | INFO  | http-nio-1001-exec-3:o.s.b.d.e.DevToolsPropertyDefaultsPostProcessor:227 | Devtools property defaults active! Set 'spring.devtools.add-properties' to 'false' to disable
2020-05-08 10:00:38,410 | INFO  | http-nio-1001-exec-3:o.s.c.c.s.e.NativeEnvironmentRepository:266 | Adding property source: classpath:/config/gateway-dev.yml
2020-05-08 10:00:46,840 | INFO  | http-nio-1001-exec-4:o.s.c.c.u.InetUtils:170 | Cannot determine local hostname
2020-05-08 10:00:47,347 | INFO  | http-nio-1001-exec-4:o.s.b.d.e.DevToolsPropertyDefaultsPostProcessor:227 | Devtools property defaults active! Set 'spring.devtools.add-properties' to 'false' to disable
2020-05-08 10:01:31,566 | INFO  | http-nio-1001-exec-6:o.s.c.c.u.InetUtils:170 | Cannot determine local hostname
2020-05-08 10:01:31,629 | INFO  | http-nio-1001-exec-6:o.s.b.d.e.DevToolsPropertyDefaultsPostProcessor:227 | Devtools property defaults active! Set 'spring.devtools.add-properties' to 'false' to disable
2020-05-08 10:02:02,374 | INFO  | AsyncResolver-bootstrap-executor-0:c.n.d.s.r.a.ConfigClusterResolver:43 | Resolving eureka endpoints via configuration
