2020-05-08 09:54:23,484 | INFO  | restartedMain:c.b.e.EurekaApplication:675 | No active profile set, falling back to default profiles: default
2020-05-08 09:54:35,213 | INFO  | restartedMain:o.s.c.c.s.GenericScope:295 | BeanFactory id=d12afdcf-c782-340b-a90e-dc88263b3064
2020-05-08 09:54:35,773 | INFO  | restartedMain:o.s.c.s.PostProcessorRegistrationDelegate$BeanPostProcessorChecker:330 | Bean 'org.springframework.cloud.autoconfigure.ConfigurationPropertiesRebinderAutoConfiguration' of type [org.springframework.cloud.autoconfigure.ConfigurationPropertiesRebinderAutoConfiguration$$EnhancerBySpringCGLIB$$fa77721c] is not eligible for getting processed by all BeanPostProcessors (for example: not eligible for auto-proxying)
2020-05-08 09:54:46,337 | INFO  | restartedMain:o.s.b.w.e.t.TomcatWebServer:90 | Tomcat initialized with port(s): 1000 (http)
2020-05-08 09:54:46,557 | INFO  | restartedMain:o.a.c.h.Http11NioProtocol:173 | Initializing ProtocolHandler ["http-nio-1000"]
2020-05-08 09:54:46,620 | INFO  | restartedMain:o.a.c.c.StandardService:173 | Starting service [Tomcat]
2020-05-08 09:54:46,621 | INFO  | restartedMain:o.a.c.c.StandardEngine:173 | Starting Servlet engine: [Apache Tomcat/9.0.16]
2020-05-08 09:54:46,638 | INFO  | restartedMain:o.a.c.c.AprLifecycleListener:173 | The APR based Apache Tomcat Native library which allows optimal performance in production environments was not found on the java.library.path: [D:\java1.8\jdk\jre\bin;C:\WINDOWS\Sun\Java\bin;C:\WINDOWS\system32;C:\WINDOWS;C:\ProgramData\Oracle\Java\javapath;C:\WINDOWS\system32;C:\WINDOWS;C:\WINDOWS\System32\Wbem;C:\WINDOWS\System32\WindowsPowerShell\v1.0\;"D:\java1.8\jdk\bin;";C:\WINDOWS\System32\OpenSSH\;D:\MySQL\MySQL5.5\bin;D:\mysql5.7.21\bin;D:\Git\cmd;D:\MySQL 5.5\bin;D:\sqoop-1.4.7\bin;C:\Program Files\VanDyke Software\Clients\;D:\TortoiseSVN\bin;D:\nodejs;D:\nodejs\node_global;D:\apache-maven-3.5.0\bin;C:\MinGW\bin;D:\Redis\;D:\Erlang\bin;C:\Users\mark\AppData\Local\Microsoft\WindowsApps;D:\Microsoft VS Code\bin;C:\Users\mark\AppData\Local\BypassRuntm;C:\Users\mark\AppData\Local\Microsoft\WindowsApps;C:\Users\mark\AppData\Local\GitHubDesktop\bin;D:\bandizip\;.]
2020-05-08 09:54:47,359 | INFO  | restartedMain:o.a.c.c.C.[.[.[/]:173 | Initializing Spring embedded WebApplicationContext
2020-05-08 09:54:47,360 | INFO  | restartedMain:o.s.w.c.ContextLoader:296 | Root WebApplicationContext: initialization completed in 23327 ms
2020-05-08 09:54:47,697 | INFO  | restartedMain:c.n.c.s.URLConfigurationSource:122 | To enable URLs as dynamic configuration sources, define System property archaius.configurationSource.additionalUrls or make config.properties available on classpath.
2020-05-08 09:54:47,776 | INFO  | restartedMain:c.n.c.DynamicPropertyFactory:281 | DynamicPropertyFactory is initialized with configuration sources: com.netflix.config.ConcurrentCompositeConfiguration@282476a5
2020-05-08 09:54:54,429 | INFO  | restartedMain:o.s.c.c.u.InetUtils:170 | Cannot determine local hostname
2020-05-08 09:54:54,883 | INFO  | restartedMain:c.s.j.s.i.a.WebApplicationImpl:815 | Initiating Jersey application, version 'Jersey: 1.19.1 03/11/2016 02:08 PM'
2020-05-08 09:54:55,013 | INFO  | restartedMain:c.n.d.p.DiscoveryJerseyProvider:70 | Using JSON encoding codec LegacyJacksonJson
2020-05-08 09:54:55,025 | INFO  | restartedMain:c.n.d.p.DiscoveryJerseyProvider:71 | Using JSON decoding codec LegacyJacksonJson
2020-05-08 09:54:55,310 | INFO  | restartedMain:c.n.d.p.DiscoveryJerseyProvider:80 | Using XML encoding codec XStreamXml
2020-05-08 09:54:55,311 | INFO  | restartedMain:c.n.d.p.DiscoveryJerseyProvider:81 | Using XML decoding codec XStreamXml
2020-05-08 09:54:55,904 | INFO  | restartedMain:c.n.c.s.URLConfigurationSource:122 | To enable URLs as dynamic configuration sources, define System property archaius.configurationSource.additionalUrls or make config.properties available on classpath.
2020-05-08 09:54:56,413 | INFO  | restartedMain:o.s.s.c.ThreadPoolTaskExecutor:171 | Initializing ExecutorService 'applicationTaskExecutor'
2020-05-08 09:54:59,160 | INFO  | restartedMain:o.s.b.d.a.OptionalLiveReloadServer:57 | LiveReload server is running on port 35729
2020-05-08 09:55:02,380 | INFO  | restartedMain:o.s.c.c.u.InetUtils:170 | Cannot determine local hostname
2020-05-08 09:55:02,551 | INFO  | restartedMain:o.s.c.n.e.InstanceInfoFactory:72 | Setting initial instance status as: STARTING
2020-05-08 09:55:02,614 | INFO  | restartedMain:c.n.d.DiscoveryClient:349 | Initializing Eureka in region us-east-1
2020-05-08 09:55:02,614 | INFO  | restartedMain:c.n.d.DiscoveryClient:352 | Client configured to neither register nor query for data.
2020-05-08 09:55:02,644 | INFO  | restartedMain:c.n.d.DiscoveryClient:365 | Discovery Client initialized at timestamp 1588902902622 with initial instances count: 0
2020-05-08 09:55:02,723 | INFO  | restartedMain:c.n.e.DefaultEurekaServerContext:63 | Initializing ...
2020-05-08 09:55:02,726 | INFO  | restartedMain:c.n.e.c.PeerEurekaNodes:188 | Adding new peer nodes [http://127.0.0.1:1000/eureka/]
2020-05-08 09:55:04,744 | INFO  | restartedMain:c.n.d.p.DiscoveryJerseyProvider:70 | Using JSON encoding codec LegacyJacksonJson
2020-05-08 09:55:04,745 | INFO  | restartedMain:c.n.d.p.DiscoveryJerseyProvider:71 | Using JSON decoding codec LegacyJacksonJson
2020-05-08 09:55:04,745 | INFO  | restartedMain:c.n.d.p.DiscoveryJerseyProvider:80 | Using XML encoding codec XStreamXml
2020-05-08 09:55:04,746 | INFO  | restartedMain:c.n.d.p.DiscoveryJerseyProvider:81 | Using XML decoding codec XStreamXml
2020-05-08 09:55:04,914 | INFO  | restartedMain:c.n.e.c.PeerEurekaNodes:110 | Replica node URL:  http://127.0.0.1:1000/eureka/
2020-05-08 09:55:04,939 | INFO  | restartedMain:c.n.e.r.AbstractInstanceRegistry:151 | Finished initializing remote region registries. All known remote regions: []
2020-05-08 09:55:04,940 | INFO  | restartedMain:c.n.e.DefaultEurekaServerContext:70 | Initialized
2020-05-08 09:55:04,954 | INFO  | restartedMain:o.s.b.a.e.w.EndpointLinksResolver:59 | Exposing 2 endpoint(s) beneath base path '/actuator'
2020-05-08 09:55:05,104 | INFO  | restartedMain:o.s.c.n.e.s.EurekaServiceRegistry:41 | Registering application EUREKA with eureka with status UP
2020-05-08 09:55:05,108 | INFO  | Thread-50:o.s.c.n.e.s.EurekaServerBootstrap:110 | Setting the eureka configuration..
2020-05-08 09:55:05,113 | INFO  | Thread-50:o.s.c.n.e.s.EurekaServerBootstrap:115 | Eureka data center value eureka.datacenter is not set, defaulting to default
2020-05-08 09:55:05,115 | INFO  | Thread-50:o.s.c.n.e.s.EurekaServerBootstrap:129 | Eureka environment value eureka.environment is not set, defaulting to test
2020-05-08 09:55:05,128 | INFO  | restartedMain:o.a.c.h.Http11NioProtocol:173 | Starting ProtocolHandler ["http-nio-1000"]
2020-05-08 09:55:05,141 | INFO  | Thread-50:o.s.c.n.e.s.EurekaServerBootstrap:188 | isAws returned false
2020-05-08 09:55:05,142 | INFO  | Thread-50:o.s.c.n.e.s.EurekaServerBootstrap:153 | Initialized server context
2020-05-08 09:55:05,142 | INFO  | Thread-50:c.n.e.r.PeerAwareInstanceRegistryImpl:241 | Got 1 instances from neighboring DS node
2020-05-08 09:55:05,142 | INFO  | Thread-50:c.n.e.r.PeerAwareInstanceRegistryImpl:242 | Renew threshold is: 1
2020-05-08 09:55:05,143 | INFO  | Thread-50:c.n.e.r.PeerAwareInstanceRegistryImpl:253 | Changing status to UP
2020-05-08 09:55:05,153 | INFO  | Thread-50:o.s.c.n.e.s.EurekaServerInitializerConfiguration:74 | Started Eureka Server
2020-05-08 09:55:05,175 | INFO  | restartedMain:o.s.b.w.e.t.TomcatWebServer:204 | Tomcat started on port(s): 1000 (http) with context path ''
2020-05-08 09:55:05,176 | INFO  | restartedMain:o.s.c.n.e.s.EurekaAutoServiceRegistration:143 | Updating port to 1000
2020-05-08 09:55:05,178 | INFO  | restartedMain:c.b.e.EurekaApplication:59 | Started EurekaApplication in 55.936 seconds (JVM running for 67.364)
2020-05-08 09:55:05,603 | INFO  | RMI TCP Connection(1)-192.168.1.1:o.a.c.c.C.[.[.[/]:173 | Initializing Spring DispatcherServlet 'dispatcherServlet'
2020-05-08 09:55:05,604 | INFO  | RMI TCP Connection(1)-192.168.1.1:o.s.w.s.DispatcherServlet:524 | Initializing Servlet 'dispatcherServlet'
2020-05-08 09:55:05,618 | INFO  | RMI TCP Connection(1)-192.168.1.1:o.s.w.s.DispatcherServlet:546 | Completed initialization in 13 ms
2020-05-08 09:56:05,144 | INFO  | Eureka-EvictionTimer:c.n.e.r.AbstractInstanceRegistry:1250 | Running the evict task with compensationTime 0ms
2020-05-08 09:57:04,052 | INFO  | http-nio-1000-exec-1:c.n.e.r.AbstractInstanceRegistry:266 | Registered instance CONFIG/localhost:config:1001 with status UP (replication=false)
2020-05-08 09:57:04,764 | INFO  | http-nio-1000-exec-3:c.n.e.r.AbstractInstanceRegistry:266 | Registered instance CONFIG/localhost:config:1001 with status UP (replication=true)
2020-05-08 09:57:05,145 | INFO  | Eureka-EvictionTimer:c.n.e.r.AbstractInstanceRegistry:1250 | Running the evict task with compensationTime 0ms
2020-05-08 09:58:05,145 | INFO  | Eureka-EvictionTimer:c.n.e.r.AbstractInstanceRegistry:1250 | Running the evict task with compensationTime 0ms
2020-05-08 09:59:05,147 | INFO  | Eureka-EvictionTimer:c.n.e.r.AbstractInstanceRegistry:1250 | Running the evict task with compensationTime 1ms
2020-05-08 10:00:05,161 | INFO  | Eureka-EvictionTimer:c.n.e.r.AbstractInstanceRegistry:1250 | Running the evict task with compensationTime 15ms
2020-05-08 10:00:25,157 | INFO  | http-nio-1000-exec-7:c.n.e.r.AbstractInstanceRegistry:266 | Registered instance GATEWAY/localhost:gateway:1002 with status UP (replication=false)
2020-05-08 10:00:25,674 | INFO  | http-nio-1000-exec-8:c.n.e.r.AbstractInstanceRegistry:266 | Registered instance GATEWAY/localhost:gateway:1002 with status UP (replication=true)
2020-05-08 10:01:05,411 | INFO  | Eureka-EvictionTimer:c.n.e.r.AbstractInstanceRegistry:1250 | Running the evict task with compensationTime 250ms
2020-05-08 10:01:22,094 | INFO  | http-nio-1000-exec-1:c.n.e.r.AbstractInstanceRegistry:266 | Registered instance THYMELEAF/localhost:thymeleaf:1009 with status UP (replication=false)
2020-05-08 10:01:22,614 | INFO  | http-nio-1000-exec-3:c.n.e.r.AbstractInstanceRegistry:266 | Registered instance THYMELEAF/localhost:thymeleaf:1009 with status UP (replication=true)
2020-05-08 10:02:05,412 | INFO  | Eureka-EvictionTimer:c.n.e.r.AbstractInstanceRegistry:1250 | Running the evict task with compensationTime 0ms
2020-05-08 10:03:05,413 | INFO  | Eureka-EvictionTimer:c.n.e.r.AbstractInstanceRegistry:1250 | Running the evict task with compensationTime 0ms
2020-05-08 10:04:05,413 | INFO  | Eureka-EvictionTimer:c.n.e.r.AbstractInstanceRegistry:1250 | Running the evict task with compensationTime 0ms
