2020-05-06 16:38:55,478 | INFO  | restartedMain:c.b.e.EurekaApplication:675 | No active profile set, falling back to default profiles: default
2020-05-06 16:38:57,180 | INFO  | restartedMain:o.s.c.c.s.GenericScope:295 | BeanFactory id=d12afdcf-c782-340b-a90e-dc88263b3064
2020-05-06 16:38:57,367 | INFO  | restartedMain:o.s.c.s.PostProcessorRegistrationDelegate$BeanPostProcessorChecker:330 | Bean 'org.springframework.cloud.autoconfigure.ConfigurationPropertiesRebinderAutoConfiguration' of type [org.springframework.cloud.autoconfigure.ConfigurationPropertiesRebinderAutoConfiguration$$EnhancerBySpringCGLIB$$308786f] is not eligible for getting processed by all BeanPostProcessors (for example: not eligible for auto-proxying)
2020-05-06 16:38:58,320 | INFO  | restartedMain:o.s.b.w.e.t.TomcatWebServer:90 | Tomcat initialized with port(s): 1000 (http)
2020-05-06 16:38:58,508 | INFO  | restartedMain:o.a.c.h.Http11NioProtocol:173 | Initializing ProtocolHandler ["http-nio-1000"]
2020-05-06 16:38:58,523 | INFO  | restartedMain:o.a.c.c.StandardService:173 | Starting service [Tomcat]
2020-05-06 16:38:58,523 | INFO  | restartedMain:o.a.c.c.StandardEngine:173 | Starting Servlet engine: [Apache Tomcat/9.0.16]
2020-05-06 16:38:58,539 | INFO  | restartedMain:o.a.c.c.AprLifecycleListener:173 | The APR based Apache Tomcat Native library which allows optimal performance in production environments was not found on the java.library.path: [D:\java1.8\jdk\jre\bin;C:\WINDOWS\Sun\Java\bin;C:\WINDOWS\system32;C:\WINDOWS;C:\ProgramData\Oracle\Java\javapath;C:\WINDOWS\system32;C:\WINDOWS;C:\WINDOWS\System32\Wbem;C:\WINDOWS\System32\WindowsPowerShell\v1.0\;"D:\java1.8\jdk\bin;";C:\WINDOWS\System32\OpenSSH\;D:\MySQL\MySQL5.5\bin;D:\mysql5.7.21\bin;D:\Git\cmd;D:\MySQL 5.5\bin;D:\sqoop-1.4.7\bin;C:\Program Files\VanDyke Software\Clients\;D:\TortoiseSVN\bin;D:\nodejs;D:\nodejs\node_global;D:\apache-maven-3.5.0\bin;C:\MinGW\bin;D:\Redis\;D:\Erlang\bin;C:\Users\mark\AppData\Local\Microsoft\WindowsApps;D:\Microsoft VS Code\bin;C:\Users\mark\AppData\Local\BypassRuntm;C:\Users\mark\AppData\Local\Microsoft\WindowsApps;C:\Users\mark\AppData\Local\GitHubDesktop\bin;D:\bandizip\;.]
2020-05-06 16:38:58,695 | INFO  | restartedMain:o.a.c.c.C.[.[.[/]:173 | Initializing Spring embedded WebApplicationContext
2020-05-06 16:38:58,695 | INFO  | restartedMain:o.s.w.c.ContextLoader:296 | Root WebApplicationContext: initialization completed in 3201 ms
2020-05-06 16:38:58,945 | INFO  | restartedMain:c.n.c.s.URLConfigurationSource:122 | To enable URLs as dynamic configuration sources, define System property archaius.configurationSource.additionalUrls or make config.properties available on classpath.
2020-05-06 16:38:58,961 | INFO  | restartedMain:c.n.c.DynamicPropertyFactory:281 | DynamicPropertyFactory is initialized with configuration sources: com.netflix.config.ConcurrentCompositeConfiguration@57bb0d93
2020-05-06 16:39:02,352 | INFO  | restartedMain:o.s.c.c.u.InetUtils:170 | Cannot determine local hostname
2020-05-06 16:39:02,945 | INFO  | restartedMain:c.s.j.s.i.a.WebApplicationImpl:815 | Initiating Jersey application, version 'Jersey: 1.19.1 03/11/2016 02:08 PM'
2020-05-06 16:39:03,101 | INFO  | restartedMain:c.n.d.p.DiscoveryJerseyProvider:70 | Using JSON encoding codec LegacyJacksonJson
2020-05-06 16:39:03,101 | INFO  | restartedMain:c.n.d.p.DiscoveryJerseyProvider:71 | Using JSON decoding codec LegacyJacksonJson
2020-05-06 16:39:03,367 | INFO  | restartedMain:c.n.d.p.DiscoveryJerseyProvider:80 | Using XML encoding codec XStreamXml
2020-05-06 16:39:03,367 | INFO  | restartedMain:c.n.d.p.DiscoveryJerseyProvider:81 | Using XML decoding codec XStreamXml
2020-05-06 16:39:05,773 | INFO  | restartedMain:c.n.c.s.URLConfigurationSource:122 | To enable URLs as dynamic configuration sources, define System property archaius.configurationSource.additionalUrls or make config.properties available on classpath.
2020-05-06 16:39:06,101 | INFO  | restartedMain:o.s.s.c.ThreadPoolTaskExecutor:171 | Initializing ExecutorService 'applicationTaskExecutor'
2020-05-06 16:39:07,632 | INFO  | restartedMain:o.s.b.d.a.OptionalLiveReloadServer:57 | LiveReload server is running on port 35729
2020-05-06 16:39:10,554 | INFO  | restartedMain:o.s.c.c.u.InetUtils:170 | Cannot determine local hostname
2020-05-06 16:39:10,632 | INFO  | restartedMain:o.s.c.n.e.InstanceInfoFactory:72 | Setting initial instance status as: STARTING
2020-05-06 16:39:10,663 | INFO  | restartedMain:c.n.d.DiscoveryClient:349 | Initializing Eureka in region us-east-1
2020-05-06 16:39:10,663 | INFO  | restartedMain:c.n.d.DiscoveryClient:352 | Client configured to neither register nor query for data.
2020-05-06 16:39:10,679 | INFO  | restartedMain:c.n.d.DiscoveryClient:365 | Discovery Client initialized at timestamp 1588754350663 with initial instances count: 0
2020-05-06 16:39:10,710 | INFO  | restartedMain:c.n.e.DefaultEurekaServerContext:63 | Initializing ...
2020-05-06 16:39:10,726 | INFO  | restartedMain:c.n.e.c.PeerEurekaNodes:188 | Adding new peer nodes [http://127.0.0.1:1000/eureka/]
2020-05-06 16:39:12,163 | INFO  | restartedMain:c.n.d.p.DiscoveryJerseyProvider:70 | Using JSON encoding codec LegacyJacksonJson
2020-05-06 16:39:12,163 | INFO  | restartedMain:c.n.d.p.DiscoveryJerseyProvider:71 | Using JSON decoding codec LegacyJacksonJson
2020-05-06 16:39:12,163 | INFO  | restartedMain:c.n.d.p.DiscoveryJerseyProvider:80 | Using XML encoding codec XStreamXml
2020-05-06 16:39:12,163 | INFO  | restartedMain:c.n.d.p.DiscoveryJerseyProvider:81 | Using XML decoding codec XStreamXml
2020-05-06 16:39:12,319 | INFO  | restartedMain:c.n.e.c.PeerEurekaNodes:110 | Replica node URL:  http://127.0.0.1:1000/eureka/
2020-05-06 16:39:12,335 | INFO  | restartedMain:c.n.e.r.AbstractInstanceRegistry:151 | Finished initializing remote region registries. All known remote regions: []
2020-05-06 16:39:12,335 | INFO  | restartedMain:c.n.e.DefaultEurekaServerContext:70 | Initialized
2020-05-06 16:39:12,335 | INFO  | restartedMain:o.s.b.a.e.w.EndpointLinksResolver:59 | Exposing 2 endpoint(s) beneath base path '/actuator'
2020-05-06 16:39:12,460 | INFO  | restartedMain:o.s.c.n.e.s.EurekaServiceRegistry:41 | Registering application EUREKA with eureka with status UP
2020-05-06 16:39:12,460 | INFO  | Thread-54:o.s.c.n.e.s.EurekaServerBootstrap:110 | Setting the eureka configuration..
2020-05-06 16:39:12,460 | INFO  | Thread-54:o.s.c.n.e.s.EurekaServerBootstrap:115 | Eureka data center value eureka.datacenter is not set, defaulting to default
2020-05-06 16:39:12,460 | INFO  | Thread-54:o.s.c.n.e.s.EurekaServerBootstrap:129 | Eureka environment value eureka.environment is not set, defaulting to test
2020-05-06 16:39:12,475 | INFO  | Thread-54:o.s.c.n.e.s.EurekaServerBootstrap:188 | isAws returned false
2020-05-06 16:39:12,475 | INFO  | Thread-54:o.s.c.n.e.s.EurekaServerBootstrap:153 | Initialized server context
2020-05-06 16:39:12,475 | INFO  | Thread-54:c.n.e.r.PeerAwareInstanceRegistryImpl:241 | Got 1 instances from neighboring DS node
2020-05-06 16:39:12,475 | INFO  | Thread-54:c.n.e.r.PeerAwareInstanceRegistryImpl:242 | Renew threshold is: 1
2020-05-06 16:39:12,475 | INFO  | Thread-54:c.n.e.r.PeerAwareInstanceRegistryImpl:253 | Changing status to UP
2020-05-06 16:39:12,491 | INFO  | restartedMain:o.a.c.h.Http11NioProtocol:173 | Starting ProtocolHandler ["http-nio-1000"]
2020-05-06 16:39:12,491 | INFO  | Thread-54:o.s.c.n.e.s.EurekaServerInitializerConfiguration:74 | Started Eureka Server
2020-05-06 16:39:12,522 | INFO  | restartedMain:o.s.b.w.e.t.TomcatWebServer:204 | Tomcat started on port(s): 1000 (http) with context path ''
2020-05-06 16:39:12,522 | INFO  | restartedMain:o.s.c.n.e.s.EurekaAutoServiceRegistration:143 | Updating port to 1000
2020-05-06 16:39:12,522 | INFO  | restartedMain:c.b.e.EurekaApplication:59 | Started EurekaApplication in 24.815 seconds (JVM running for 29.455)
2020-05-06 16:39:12,866 | INFO  | RMI TCP Connection(7)-192.168.1.1:o.a.c.c.C.[.[.[/]:173 | Initializing Spring DispatcherServlet 'dispatcherServlet'
2020-05-06 16:39:12,866 | INFO  | RMI TCP Connection(7)-192.168.1.1:o.s.w.s.DispatcherServlet:524 | Initializing Servlet 'dispatcherServlet'
2020-05-06 16:39:12,882 | INFO  | RMI TCP Connection(7)-192.168.1.1:o.s.w.s.DispatcherServlet:546 | Completed initialization in 16 ms
2020-05-06 16:40:12,506 | INFO  | Eureka-EvictionTimer:c.n.e.r.AbstractInstanceRegistry:1250 | Running the evict task with compensationTime 0ms
2020-05-06 16:40:18,693 | INFO  | http-nio-1000-exec-2:c.n.e.r.AbstractInstanceRegistry:266 | Registered instance CONFIG/localhost:config:1001 with status UP (replication=false)
2020-05-06 16:40:19,365 | INFO  | http-nio-1000-exec-3:c.n.e.r.AbstractInstanceRegistry:266 | Registered instance CONFIG/localhost:config:1001 with status UP (replication=true)
2020-05-06 16:41:12,506 | INFO  | Eureka-EvictionTimer:c.n.e.r.AbstractInstanceRegistry:1250 | Running the evict task with compensationTime 0ms
2020-05-06 16:41:40,496 | INFO  | http-nio-1000-exec-3:c.n.e.r.AbstractInstanceRegistry:266 | Registered instance GATEWAY/localhost:gateway:1002 with status UP (replication=false)
2020-05-06 16:41:41,027 | INFO  | http-nio-1000-exec-4:c.n.e.r.AbstractInstanceRegistry:266 | Registered instance GATEWAY/localhost:gateway:1002 with status UP (replication=true)
2020-05-06 16:42:12,506 | INFO  | Eureka-EvictionTimer:c.n.e.r.AbstractInstanceRegistry:1250 | Running the evict task with compensationTime 0ms
2020-05-06 16:43:12,511 | INFO  | Eureka-EvictionTimer:c.n.e.r.AbstractInstanceRegistry:1250 | Running the evict task with compensationTime 6ms
2020-05-06 16:44:12,512 | INFO  | Eureka-EvictionTimer:c.n.e.r.AbstractInstanceRegistry:1250 | Running the evict task with compensationTime 0ms
2020-05-06 16:45:12,512 | INFO  | Eureka-EvictionTimer:c.n.e.r.AbstractInstanceRegistry:1250 | Running the evict task with compensationTime 0ms
2020-05-06 16:46:12,512 | INFO  | Eureka-EvictionTimer:c.n.e.r.AbstractInstanceRegistry:1250 | Running the evict task with compensationTime 0ms
2020-05-06 16:47:12,524 | INFO  | Eureka-EvictionTimer:c.n.e.r.AbstractInstanceRegistry:1250 | Running the evict task with compensationTime 12ms
2020-05-06 16:48:12,538 | INFO  | Eureka-EvictionTimer:c.n.e.r.AbstractInstanceRegistry:1250 | Running the evict task with compensationTime 18ms
2020-05-06 16:49:05,779 | INFO  | http-nio-1000-exec-3:c.n.e.r.AbstractInstanceRegistry:266 | Registered instance THYMELEAF/localhost:thymeleaf:1009 with status UP (replication=false)
2020-05-06 16:49:06,295 | INFO  | http-nio-1000-exec-4:c.n.e.r.AbstractInstanceRegistry:266 | Registered instance THYMELEAF/localhost:thymeleaf:1009 with status UP (replication=true)
2020-05-06 16:49:12,594 | INFO  | Eureka-EvictionTimer:c.n.e.r.AbstractInstanceRegistry:1250 | Running the evict task with compensationTime 59ms
2020-05-06 16:50:12,595 | INFO  | Eureka-EvictionTimer:c.n.e.r.AbstractInstanceRegistry:1250 | Running the evict task with compensationTime 0ms
2020-05-06 16:51:12,603 | INFO  | Eureka-EvictionTimer:c.n.e.r.AbstractInstanceRegistry:1250 | Running the evict task with compensationTime 8ms
2020-05-06 16:52:12,617 | INFO  | Eureka-EvictionTimer:c.n.e.r.AbstractInstanceRegistry:1250 | Running the evict task with compensationTime 14ms
2020-05-06 16:53:12,636 | INFO  | Eureka-EvictionTimer:c.n.e.r.AbstractInstanceRegistry:1250 | Running the evict task with compensationTime 22ms
2020-05-06 16:54:12,334 | INFO  | ReplicaAwareInstanceRegistry - RenewalThresholdUpdater:c.n.e.r.PeerAwareInstanceRegistryImpl:539 | Current renewal threshold is : 6
2020-05-06 16:54:12,646 | INFO  | Eureka-EvictionTimer:c.n.e.r.AbstractInstanceRegistry:1250 | Running the evict task with compensationTime 5ms
2020-05-06 16:55:12,666 | INFO  | Eureka-EvictionTimer:c.n.e.r.AbstractInstanceRegistry:1250 | Running the evict task with compensationTime 25ms
2020-05-06 16:55:12,666 | INFO  | Eureka-EvictionTimer:c.n.e.r.AbstractInstanceRegistry:611 | Evicting 1 items (expired=1, evictionLimit=1)
2020-05-06 16:55:12,681 | INFO  | Eureka-EvictionTimer:c.n.e.r.AbstractInstanceRegistry:330 | Cancelled instance THYMELEAF/localhost:thymeleaf:1009 (replication=false)
2020-05-06 16:56:12,679 | INFO  | Eureka-EvictionTimer:c.n.e.r.AbstractInstanceRegistry:1250 | Running the evict task with compensationTime 8ms
2020-05-06 16:57:12,684 | INFO  | Eureka-EvictionTimer:c.n.e.r.AbstractInstanceRegistry:1250 | Running the evict task with compensationTime 4ms
2020-05-06 16:58:12,685 | INFO  | Eureka-EvictionTimer:c.n.e.r.AbstractInstanceRegistry:1250 | Running the evict task with compensationTime 0ms
2020-05-06 16:59:12,697 | INFO  | Eureka-EvictionTimer:c.n.e.r.AbstractInstanceRegistry:1250 | Running the evict task with compensationTime 11ms
2020-05-06 17:00:12,698 | INFO  | Eureka-EvictionTimer:c.n.e.r.AbstractInstanceRegistry:1250 | Running the evict task with compensationTime 1ms
2020-05-06 17:01:12,712 | INFO  | Eureka-EvictionTimer:c.n.e.r.AbstractInstanceRegistry:1250 | Running the evict task with compensationTime 13ms
2020-05-06 17:02:12,712 | INFO  | Eureka-EvictionTimer:c.n.e.r.AbstractInstanceRegistry:1250 | Running the evict task with compensationTime 0ms
2020-05-06 17:03:12,725 | INFO  | Eureka-EvictionTimer:c.n.e.r.AbstractInstanceRegistry:1250 | Running the evict task with compensationTime 12ms
2020-05-06 17:04:12,725 | INFO  | Eureka-EvictionTimer:c.n.e.r.AbstractInstanceRegistry:1250 | Running the evict task with compensationTime 0ms
2020-05-06 17:05:12,739 | INFO  | Eureka-EvictionTimer:c.n.e.r.AbstractInstanceRegistry:1250 | Running the evict task with compensationTime 14ms
2020-05-06 17:06:12,744 | INFO  | Eureka-EvictionTimer:c.n.e.r.AbstractInstanceRegistry:1250 | Running the evict task with compensationTime 4ms
2020-05-06 17:07:12,747 | INFO  | Eureka-EvictionTimer:c.n.e.r.AbstractInstanceRegistry:1250 | Running the evict task with compensationTime 2ms
2020-05-06 17:08:12,762 | INFO  | Eureka-EvictionTimer:c.n.e.r.AbstractInstanceRegistry:1250 | Running the evict task with compensationTime 16ms
2020-05-06 17:09:12,343 | INFO  | ReplicaAwareInstanceRegistry - RenewalThresholdUpdater:c.n.e.r.PeerAwareInstanceRegistryImpl:539 | Current renewal threshold is : 6
2020-05-06 17:09:12,764 | INFO  | Eureka-EvictionTimer:c.n.e.r.AbstractInstanceRegistry:1250 | Running the evict task with compensationTime 0ms
2020-05-06 17:10:12,794 | INFO  | Eureka-EvictionTimer:c.n.e.r.AbstractInstanceRegistry:1250 | Running the evict task with compensationTime 29ms
2020-05-06 17:11:12,805 | INFO  | Eureka-EvictionTimer:c.n.e.r.AbstractInstanceRegistry:1250 | Running the evict task with compensationTime 14ms
2020-05-06 17:12:12,806 | INFO  | Eureka-EvictionTimer:c.n.e.r.AbstractInstanceRegistry:1250 | Running the evict task with compensationTime 0ms
2020-05-06 17:13:12,809 | INFO  | Eureka-EvictionTimer:c.n.e.r.AbstractInstanceRegistry:1250 | Running the evict task with compensationTime 4ms
2020-05-06 17:14:12,818 | INFO  | Eureka-EvictionTimer:c.n.e.r.AbstractInstanceRegistry:1250 | Running the evict task with compensationTime 8ms
2020-05-06 17:15:12,841 | INFO  | Eureka-EvictionTimer:c.n.e.r.AbstractInstanceRegistry:1250 | Running the evict task with compensationTime 22ms
2020-05-06 17:16:12,851 | INFO  | Eureka-EvictionTimer:c.n.e.r.AbstractInstanceRegistry:1250 | Running the evict task with compensationTime 10ms
2020-05-06 17:17:12,851 | INFO  | Eureka-EvictionTimer:c.n.e.r.AbstractInstanceRegistry:1250 | Running the evict task with compensationTime 0ms
2020-05-06 17:18:12,853 | INFO  | Eureka-EvictionTimer:c.n.e.r.AbstractInstanceRegistry:1250 | Running the evict task with compensationTime 1ms
2020-05-06 17:19:12,868 | INFO  | Eureka-EvictionTimer:c.n.e.r.AbstractInstanceRegistry:1250 | Running the evict task with compensationTime 15ms
2020-05-06 17:20:12,881 | INFO  | Eureka-EvictionTimer:c.n.e.r.AbstractInstanceRegistry:1250 | Running the evict task with compensationTime 12ms
2020-05-06 17:21:12,883 | INFO  | Eureka-EvictionTimer:c.n.e.r.AbstractInstanceRegistry:1250 | Running the evict task with compensationTime 1ms
2020-05-06 17:22:12,883 | INFO  | Eureka-EvictionTimer:c.n.e.r.AbstractInstanceRegistry:1250 | Running the evict task with compensationTime 0ms
2020-05-06 17:23:12,883 | INFO  | Eureka-EvictionTimer:c.n.e.r.AbstractInstanceRegistry:1250 | Running the evict task with compensationTime 1ms
2020-05-06 17:24:12,344 | INFO  | ReplicaAwareInstanceRegistry - RenewalThresholdUpdater:c.n.e.r.PeerAwareInstanceRegistryImpl:539 | Current renewal threshold is : 6
2020-05-06 17:24:12,884 | INFO  | Eureka-EvictionTimer:c.n.e.r.AbstractInstanceRegistry:1250 | Running the evict task with compensationTime 0ms
2020-05-06 17:25:12,885 | INFO  | Eureka-EvictionTimer:c.n.e.r.AbstractInstanceRegistry:1250 | Running the evict task with compensationTime 0ms
2020-05-06 17:26:12,885 | INFO  | Eureka-EvictionTimer:c.n.e.r.AbstractInstanceRegistry:1250 | Running the evict task with compensationTime 0ms
2020-05-06 17:27:12,885 | INFO  | Eureka-EvictionTimer:c.n.e.r.AbstractInstanceRegistry:1250 | Running the evict task with compensationTime 0ms
2020-05-06 17:28:12,886 | INFO  | Eureka-EvictionTimer:c.n.e.r.AbstractInstanceRegistry:1250 | Running the evict task with compensationTime 2ms
2020-05-06 17:29:12,887 | INFO  | Eureka-EvictionTimer:c.n.e.r.AbstractInstanceRegistry:1250 | Running the evict task with compensationTime 0ms
2020-05-06 17:30:12,887 | INFO  | Eureka-EvictionTimer:c.n.e.r.AbstractInstanceRegistry:1250 | Running the evict task with compensationTime 0ms
2020-05-06 17:31:12,892 | INFO  | Eureka-EvictionTimer:c.n.e.r.AbstractInstanceRegistry:1250 | Running the evict task with compensationTime 4ms
2020-05-06 17:32:12,898 | INFO  | Eureka-EvictionTimer:c.n.e.r.AbstractInstanceRegistry:1250 | Running the evict task with compensationTime 6ms
2020-05-06 17:33:12,903 | INFO  | Eureka-EvictionTimer:c.n.e.r.AbstractInstanceRegistry:1250 | Running the evict task with compensationTime 5ms
2020-05-06 17:34:12,904 | INFO  | Eureka-EvictionTimer:c.n.e.r.AbstractInstanceRegistry:1250 | Running the evict task with compensationTime 0ms
2020-05-06 17:35:12,916 | INFO  | Eureka-EvictionTimer:c.n.e.r.AbstractInstanceRegistry:1250 | Running the evict task with compensationTime 14ms
2020-05-06 17:36:12,919 | INFO  | Eureka-EvictionTimer:c.n.e.r.AbstractInstanceRegistry:1250 | Running the evict task with compensationTime 0ms
2020-05-06 17:37:12,917 | INFO  | Eureka-EvictionTimer:c.n.e.r.AbstractInstanceRegistry:1250 | Running the evict task with compensationTime 0ms
2020-05-06 17:38:12,917 | INFO  | Eureka-EvictionTimer:c.n.e.r.AbstractInstanceRegistry:1250 | Running the evict task with compensationTime 0ms
2020-05-06 17:39:12,345 | INFO  | ReplicaAwareInstanceRegistry - RenewalThresholdUpdater:c.n.e.r.PeerAwareInstanceRegistryImpl:539 | Current renewal threshold is : 6
2020-05-06 17:39:12,918 | INFO  | Eureka-EvictionTimer:c.n.e.r.AbstractInstanceRegistry:1250 | Running the evict task with compensationTime 1ms
2020-05-06 17:40:12,919 | INFO  | Eureka-EvictionTimer:c.n.e.r.AbstractInstanceRegistry:1250 | Running the evict task with compensationTime 0ms
2020-05-06 17:41:12,931 | INFO  | Eureka-EvictionTimer:c.n.e.r.AbstractInstanceRegistry:1250 | Running the evict task with compensationTime 13ms
2020-05-06 17:42:12,931 | INFO  | Eureka-EvictionTimer:c.n.e.r.AbstractInstanceRegistry:1250 | Running the evict task with compensationTime 0ms
2020-05-06 17:43:12,931 | INFO  | Eureka-EvictionTimer:c.n.e.r.AbstractInstanceRegistry:1250 | Running the evict task with compensationTime 0ms
2020-05-06 17:44:12,959 | INFO  | Eureka-EvictionTimer:c.n.e.r.AbstractInstanceRegistry:1250 | Running the evict task with compensationTime 28ms
2020-05-06 17:45:13,004 | INFO  | Eureka-EvictionTimer:c.n.e.r.AbstractInstanceRegistry:1250 | Running the evict task with compensationTime 0ms
2020-05-06 17:46:12,960 | INFO  | Eureka-EvictionTimer:c.n.e.r.AbstractInstanceRegistry:1250 | Running the evict task with compensationTime 0ms
2020-05-06 17:47:12,969 | INFO  | Eureka-EvictionTimer:c.n.e.r.AbstractInstanceRegistry:1250 | Running the evict task with compensationTime 9ms
2020-05-06 17:48:12,969 | INFO  | Eureka-EvictionTimer:c.n.e.r.AbstractInstanceRegistry:1250 | Running the evict task with compensationTime 0ms
2020-05-06 17:49:12,993 | INFO  | Eureka-EvictionTimer:c.n.e.r.AbstractInstanceRegistry:1250 | Running the evict task with compensationTime 24ms
2020-05-06 17:50:12,994 | INFO  | Eureka-EvictionTimer:c.n.e.r.AbstractInstanceRegistry:1250 | Running the evict task with compensationTime 0ms
2020-05-06 17:51:12,996 | INFO  | Eureka-EvictionTimer:c.n.e.r.AbstractInstanceRegistry:1250 | Running the evict task with compensationTime 1ms
2020-05-06 17:52:12,997 | INFO  | Eureka-EvictionTimer:c.n.e.r.AbstractInstanceRegistry:1250 | Running the evict task with compensationTime 0ms
2020-05-06 17:53:12,998 | INFO  | Eureka-EvictionTimer:c.n.e.r.AbstractInstanceRegistry:1250 | Running the evict task with compensationTime 1ms
2020-05-06 17:54:12,345 | INFO  | ReplicaAwareInstanceRegistry - RenewalThresholdUpdater:c.n.e.r.PeerAwareInstanceRegistryImpl:539 | Current renewal threshold is : 6
2020-05-06 17:54:12,998 | INFO  | Eureka-EvictionTimer:c.n.e.r.AbstractInstanceRegistry:1250 | Running the evict task with compensationTime 0ms
2020-05-06 17:55:13,000 | INFO  | Eureka-EvictionTimer:c.n.e.r.AbstractInstanceRegistry:1250 | Running the evict task with compensationTime 1ms
2020-05-06 17:56:13,001 | INFO  | Eureka-EvictionTimer:c.n.e.r.AbstractInstanceRegistry:1250 | Running the evict task with compensationTime 0ms
2020-05-06 17:57:13,002 | INFO  | Eureka-EvictionTimer:c.n.e.r.AbstractInstanceRegistry:1250 | Running the evict task with compensationTime 0ms
2020-05-06 17:58:13,002 | INFO  | Eureka-EvictionTimer:c.n.e.r.AbstractInstanceRegistry:1250 | Running the evict task with compensationTime 0ms
2020-05-06 17:59:13,002 | INFO  | Eureka-EvictionTimer:c.n.e.r.AbstractInstanceRegistry:1250 | Running the evict task with compensationTime 0ms
2020-05-06 18:00:13,003 | INFO  | Eureka-EvictionTimer:c.n.e.r.AbstractInstanceRegistry:1250 | Running the evict task with compensationTime 0ms
2020-05-06 18:01:13,003 | INFO  | Eureka-EvictionTimer:c.n.e.r.AbstractInstanceRegistry:1250 | Running the evict task with compensationTime 0ms
2020-05-06 18:02:13,004 | INFO  | Eureka-EvictionTimer:c.n.e.r.AbstractInstanceRegistry:1250 | Running the evict task with compensationTime 0ms
2020-05-06 18:03:13,005 | INFO  | Eureka-EvictionTimer:c.n.e.r.AbstractInstanceRegistry:1250 | Running the evict task with compensationTime 0ms
2020-05-06 18:04:13,005 | INFO  | Eureka-EvictionTimer:c.n.e.r.AbstractInstanceRegistry:1250 | Running the evict task with compensationTime 0ms
2020-05-06 18:05:13,006 | INFO  | Eureka-EvictionTimer:c.n.e.r.AbstractInstanceRegistry:1250 | Running the evict task with compensationTime 0ms
2020-05-06 18:06:13,006 | INFO  | Eureka-EvictionTimer:c.n.e.r.AbstractInstanceRegistry:1250 | Running the evict task with compensationTime 0ms
2020-05-06 18:07:13,007 | INFO  | Eureka-EvictionTimer:c.n.e.r.AbstractInstanceRegistry:1250 | Running the evict task with compensationTime 0ms
2020-05-06 18:08:13,007 | INFO  | Eureka-EvictionTimer:c.n.e.r.AbstractInstanceRegistry:1250 | Running the evict task with compensationTime 0ms
2020-05-06 18:09:12,347 | INFO  | ReplicaAwareInstanceRegistry - RenewalThresholdUpdater:c.n.e.r.PeerAwareInstanceRegistryImpl:539 | Current renewal threshold is : 6
2020-05-06 18:09:13,007 | INFO  | Eureka-EvictionTimer:c.n.e.r.AbstractInstanceRegistry:1250 | Running the evict task with compensationTime 0ms
2020-05-06 18:10:13,008 | INFO  | Eureka-EvictionTimer:c.n.e.r.AbstractInstanceRegistry:1250 | Running the evict task with compensationTime 1ms
2020-05-06 18:11:13,009 | INFO  | Eureka-EvictionTimer:c.n.e.r.AbstractInstanceRegistry:1250 | Running the evict task with compensationTime 0ms
2020-05-06 18:12:13,010 | INFO  | Eureka-EvictionTimer:c.n.e.r.AbstractInstanceRegistry:1250 | Running the evict task with compensationTime 0ms
2020-05-06 18:13:13,011 | INFO  | Eureka-EvictionTimer:c.n.e.r.AbstractInstanceRegistry:1250 | Running the evict task with compensationTime 1ms
2020-05-06 18:14:13,011 | INFO  | Eureka-EvictionTimer:c.n.e.r.AbstractInstanceRegistry:1250 | Running the evict task with compensationTime 0ms
2020-05-06 18:15:13,011 | INFO  | Eureka-EvictionTimer:c.n.e.r.AbstractInstanceRegistry:1250 | Running the evict task with compensationTime 0ms
2020-05-06 18:16:13,020 | INFO  | Eureka-EvictionTimer:c.n.e.r.AbstractInstanceRegistry:1250 | Running the evict task with compensationTime 8ms
2020-05-06 18:17:13,020 | INFO  | Eureka-EvictionTimer:c.n.e.r.AbstractInstanceRegistry:1250 | Running the evict task with compensationTime 0ms
2020-05-06 18:18:13,021 | INFO  | Eureka-EvictionTimer:c.n.e.r.AbstractInstanceRegistry:1250 | Running the evict task with compensationTime 0ms
2020-05-06 18:19:14,213 | INFO  | Eureka-EvictionTimer:c.n.e.r.AbstractInstanceRegistry:1250 | Running the evict task with compensationTime 1193ms
2020-05-06 18:20:17,186 | INFO  | Eureka-EvictionTimer:c.n.e.r.AbstractInstanceRegistry:1250 | Running the evict task with compensationTime 2978ms
2020-05-06 18:21:17,187 | INFO  | Eureka-EvictionTimer:c.n.e.r.AbstractInstanceRegistry:1250 | Running the evict task with compensationTime 0ms
2020-05-06 18:22:17,188 | INFO  | Eureka-EvictionTimer:c.n.e.r.AbstractInstanceRegistry:1250 | Running the evict task with compensationTime 1ms
2020-05-06 18:23:20,933 | INFO  | Eureka-EvictionTimer:c.n.e.r.AbstractInstanceRegistry:1250 | Running the evict task with compensationTime 3750ms
2020-05-06 18:24:19,063 | INFO  | ReplicaAwareInstanceRegistry - RenewalThresholdUpdater:c.n.e.r.PeerAwareInstanceRegistryImpl:539 | Current renewal threshold is : 6
2020-05-06 18:24:20,933 | INFO  | Eureka-EvictionTimer:c.n.e.r.AbstractInstanceRegistry:1250 | Running the evict task with compensationTime 0ms
2020-05-06 18:25:20,934 | INFO  | Eureka-EvictionTimer:c.n.e.r.AbstractInstanceRegistry:1250 | Running the evict task with compensationTime 0ms
2020-05-06 18:26:20,934 | INFO  | Eureka-EvictionTimer:c.n.e.r.AbstractInstanceRegistry:1250 | Running the evict task with compensationTime 0ms
2020-05-06 18:27:20,934 | INFO  | Eureka-EvictionTimer:c.n.e.r.AbstractInstanceRegistry:1250 | Running the evict task with compensationTime 0ms
2020-05-06 18:28:20,935 | INFO  | Eureka-EvictionTimer:c.n.e.r.AbstractInstanceRegistry:1250 | Running the evict task with compensationTime 0ms
2020-05-06 18:29:20,936 | INFO  | Eureka-EvictionTimer:c.n.e.r.AbstractInstanceRegistry:1250 | Running the evict task with compensationTime 0ms
2020-05-06 18:30:20,937 | INFO  | Eureka-EvictionTimer:c.n.e.r.AbstractInstanceRegistry:1250 | Running the evict task with compensationTime 1ms
2020-05-06 18:31:20,938 | INFO  | Eureka-EvictionTimer:c.n.e.r.AbstractInstanceRegistry:1250 | Running the evict task with compensationTime 0ms
2020-05-06 18:32:20,938 | INFO  | Eureka-EvictionTimer:c.n.e.r.AbstractInstanceRegistry:1250 | Running the evict task with compensationTime 0ms
2020-05-06 18:33:20,939 | INFO  | Eureka-EvictionTimer:c.n.e.r.AbstractInstanceRegistry:1250 | Running the evict task with compensationTime 0ms
2020-05-06 18:34:20,939 | INFO  | Eureka-EvictionTimer:c.n.e.r.AbstractInstanceRegistry:1250 | Running the evict task with compensationTime 0ms
2020-05-06 18:35:20,940 | INFO  | Eureka-EvictionTimer:c.n.e.r.AbstractInstanceRegistry:1250 | Running the evict task with compensationTime 0ms
2020-05-06 18:36:20,940 | INFO  | Eureka-EvictionTimer:c.n.e.r.AbstractInstanceRegistry:1250 | Running the evict task with compensationTime 0ms
2020-05-06 18:37:21,241 | INFO  | Eureka-EvictionTimer:c.n.e.r.AbstractInstanceRegistry:1250 | Running the evict task with compensationTime 301ms
2020-05-06 18:38:21,241 | INFO  | Eureka-EvictionTimer:c.n.e.r.AbstractInstanceRegistry:1250 | Running the evict task with compensationTime 0ms
2020-05-06 18:39:19,064 | INFO  | ReplicaAwareInstanceRegistry - RenewalThresholdUpdater:c.n.e.r.PeerAwareInstanceRegistryImpl:539 | Current renewal threshold is : 6
2020-05-06 18:39:21,242 | INFO  | Eureka-EvictionTimer:c.n.e.r.AbstractInstanceRegistry:1250 | Running the evict task with compensationTime 0ms
2020-05-06 18:40:21,246 | INFO  | Eureka-EvictionTimer:c.n.e.r.AbstractInstanceRegistry:1250 | Running the evict task with compensationTime 3ms
2020-05-06 18:41:21,245 | INFO  | Eureka-EvictionTimer:c.n.e.r.AbstractInstanceRegistry:1250 | Running the evict task with compensationTime 0ms
2020-05-06 18:42:21,316 | INFO  | Eureka-EvictionTimer:c.n.e.r.AbstractInstanceRegistry:1250 | Running the evict task with compensationTime 70ms
2020-05-06 18:43:21,316 | INFO  | Eureka-EvictionTimer:c.n.e.r.AbstractInstanceRegistry:1250 | Running the evict task with compensationTime 0ms
2020-05-06 18:44:21,317 | INFO  | Eureka-EvictionTimer:c.n.e.r.AbstractInstanceRegistry:1250 | Running the evict task with compensationTime 0ms
2020-05-06 18:45:21,318 | INFO  | Eureka-EvictionTimer:c.n.e.r.AbstractInstanceRegistry:1250 | Running the evict task with compensationTime 0ms
2020-05-06 18:46:21,318 | INFO  | Eureka-EvictionTimer:c.n.e.r.AbstractInstanceRegistry:1250 | Running the evict task with compensationTime 0ms
2020-05-06 18:47:21,323 | INFO  | Eureka-EvictionTimer:c.n.e.r.AbstractInstanceRegistry:1250 | Running the evict task with compensationTime 4ms
2020-05-06 18:48:21,324 | INFO  | Eureka-EvictionTimer:c.n.e.r.AbstractInstanceRegistry:1250 | Running the evict task with compensationTime 0ms
2020-05-06 18:49:21,325 | INFO  | Eureka-EvictionTimer:c.n.e.r.AbstractInstanceRegistry:1250 | Running the evict task with compensationTime 1ms
2020-05-06 18:50:21,326 | INFO  | Eureka-EvictionTimer:c.n.e.r.AbstractInstanceRegistry:1250 | Running the evict task with compensationTime 0ms
2020-05-06 18:51:21,327 | INFO  | Eureka-EvictionTimer:c.n.e.r.AbstractInstanceRegistry:1250 | Running the evict task with compensationTime 0ms
2020-05-06 18:52:21,328 | INFO  | Eureka-EvictionTimer:c.n.e.r.AbstractInstanceRegistry:1250 | Running the evict task with compensationTime 1ms
2020-05-06 18:53:21,329 | INFO  | Eureka-EvictionTimer:c.n.e.r.AbstractInstanceRegistry:1250 | Running the evict task with compensationTime 0ms
2020-05-06 18:54:19,127 | INFO  | ReplicaAwareInstanceRegistry - RenewalThresholdUpdater:c.n.e.r.PeerAwareInstanceRegistryImpl:539 | Current renewal threshold is : 6
2020-05-06 18:54:21,330 | INFO  | Eureka-EvictionTimer:c.n.e.r.AbstractInstanceRegistry:1250 | Running the evict task with compensationTime 1ms
2020-05-06 18:55:21,331 | INFO  | Eureka-EvictionTimer:c.n.e.r.AbstractInstanceRegistry:1250 | Running the evict task with compensationTime 0ms
2020-05-06 18:56:21,331 | INFO  | Eureka-EvictionTimer:c.n.e.r.AbstractInstanceRegistry:1250 | Running the evict task with compensationTime 0ms
2020-05-06 18:57:21,332 | INFO  | Eureka-EvictionTimer:c.n.e.r.AbstractInstanceRegistry:1250 | Running the evict task with compensationTime 0ms
2020-05-06 18:58:21,332 | INFO  | Eureka-EvictionTimer:c.n.e.r.AbstractInstanceRegistry:1250 | Running the evict task with compensationTime 0ms
2020-05-06 18:59:21,332 | INFO  | Eureka-EvictionTimer:c.n.e.r.AbstractInstanceRegistry:1250 | Running the evict task with compensationTime 0ms
2020-05-06 19:00:21,333 | INFO  | Eureka-EvictionTimer:c.n.e.r.AbstractInstanceRegistry:1250 | Running the evict task with compensationTime 0ms
2020-05-06 19:01:21,333 | INFO  | Eureka-EvictionTimer:c.n.e.r.AbstractInstanceRegistry:1250 | Running the evict task with compensationTime 0ms
2020-05-06 19:02:21,334 | INFO  | Eureka-EvictionTimer:c.n.e.r.AbstractInstanceRegistry:1250 | Running the evict task with compensationTime 0ms
2020-05-06 19:03:21,335 | INFO  | Eureka-EvictionTimer:c.n.e.r.AbstractInstanceRegistry:1250 | Running the evict task with compensationTime 0ms
2020-05-06 19:04:21,336 | INFO  | Eureka-EvictionTimer:c.n.e.r.AbstractInstanceRegistry:1250 | Running the evict task with compensationTime 1ms
2020-05-06 19:05:21,337 | INFO  | Eureka-EvictionTimer:c.n.e.r.AbstractInstanceRegistry:1250 | Running the evict task with compensationTime 0ms
2020-05-06 19:06:21,337 | INFO  | Eureka-EvictionTimer:c.n.e.r.AbstractInstanceRegistry:1250 | Running the evict task with compensationTime 0ms
2020-05-06 19:07:21,338 | INFO  | Eureka-EvictionTimer:c.n.e.r.AbstractInstanceRegistry:1250 | Running the evict task with compensationTime 0ms
2020-05-06 19:08:21,338 | INFO  | Eureka-EvictionTimer:c.n.e.r.AbstractInstanceRegistry:1250 | Running the evict task with compensationTime 0ms
2020-05-06 19:09:19,189 | INFO  | ReplicaAwareInstanceRegistry - RenewalThresholdUpdater:c.n.e.r.PeerAwareInstanceRegistryImpl:539 | Current renewal threshold is : 6
2020-05-06 19:09:21,339 | INFO  | Eureka-EvictionTimer:c.n.e.r.AbstractInstanceRegistry:1250 | Running the evict task with compensationTime 1ms
2020-05-06 19:10:21,340 | INFO  | Eureka-EvictionTimer:c.n.e.r.AbstractInstanceRegistry:1250 | Running the evict task with compensationTime 0ms
2020-05-06 19:11:21,340 | INFO  | Eureka-EvictionTimer:c.n.e.r.AbstractInstanceRegistry:1250 | Running the evict task with compensationTime 1ms
2020-05-06 19:12:21,341 | INFO  | Eureka-EvictionTimer:c.n.e.r.AbstractInstanceRegistry:1250 | Running the evict task with compensationTime 0ms
2020-05-06 19:13:21,342 | INFO  | Eureka-EvictionTimer:c.n.e.r.AbstractInstanceRegistry:1250 | Running the evict task with compensationTime 0ms
2020-05-06 19:14:21,346 | INFO  | Eureka-EvictionTimer:c.n.e.r.AbstractInstanceRegistry:1250 | Running the evict task with compensationTime 4ms
2020-05-06 19:15:21,346 | INFO  | Eureka-EvictionTimer:c.n.e.r.AbstractInstanceRegistry:1250 | Running the evict task with compensationTime 0ms
2020-05-06 19:16:21,347 | INFO  | Eureka-EvictionTimer:c.n.e.r.AbstractInstanceRegistry:1250 | Running the evict task with compensationTime 1ms
2020-05-06 19:17:21,348 | INFO  | Eureka-EvictionTimer:c.n.e.r.AbstractInstanceRegistry:1250 | Running the evict task with compensationTime 0ms
2020-05-06 19:18:21,348 | INFO  | Eureka-EvictionTimer:c.n.e.r.AbstractInstanceRegistry:1250 | Running the evict task with compensationTime 0ms
2020-05-06 19:19:21,349 | INFO  | Eureka-EvictionTimer:c.n.e.r.AbstractInstanceRegistry:1250 | Running the evict task with compensationTime 1ms
2020-05-06 19:20:21,349 | INFO  | Eureka-EvictionTimer:c.n.e.r.AbstractInstanceRegistry:1250 | Running the evict task with compensationTime 0ms
2020-05-06 19:21:21,350 | INFO  | Eureka-EvictionTimer:c.n.e.r.AbstractInstanceRegistry:1250 | Running the evict task with compensationTime 0ms
2020-05-06 19:22:21,351 | INFO  | Eureka-EvictionTimer:c.n.e.r.AbstractInstanceRegistry:1250 | Running the evict task with compensationTime 0ms
2020-05-06 19:23:21,351 | INFO  | Eureka-EvictionTimer:c.n.e.r.AbstractInstanceRegistry:1250 | Running the evict task with compensationTime 0ms
2020-05-06 19:24:19,105 | INFO  | ReplicaAwareInstanceRegistry - RenewalThresholdUpdater:c.n.e.r.PeerAwareInstanceRegistryImpl:539 | Current renewal threshold is : 6
2020-05-06 19:24:21,352 | INFO  | Eureka-EvictionTimer:c.n.e.r.AbstractInstanceRegistry:1250 | Running the evict task with compensationTime 1ms
2020-05-06 19:25:21,352 | INFO  | Eureka-EvictionTimer:c.n.e.r.AbstractInstanceRegistry:1250 | Running the evict task with compensationTime 0ms
2020-05-06 19:26:21,353 | INFO  | Eureka-EvictionTimer:c.n.e.r.AbstractInstanceRegistry:1250 | Running the evict task with compensationTime 1ms
2020-05-06 19:27:21,354 | INFO  | Eureka-EvictionTimer:c.n.e.r.AbstractInstanceRegistry:1250 | Running the evict task with compensationTime 0ms
2020-05-06 19:28:21,354 | INFO  | Eureka-EvictionTimer:c.n.e.r.AbstractInstanceRegistry:1250 | Running the evict task with compensationTime 0ms
2020-05-06 19:29:21,355 | INFO  | Eureka-EvictionTimer:c.n.e.r.AbstractInstanceRegistry:1250 | Running the evict task with compensationTime 1ms
2020-05-06 19:30:21,356 | INFO  | Eureka-EvictionTimer:c.n.e.r.AbstractInstanceRegistry:1250 | Running the evict task with compensationTime 0ms
2020-05-06 19:31:21,357 | INFO  | Eureka-EvictionTimer:c.n.e.r.AbstractInstanceRegistry:1250 | Running the evict task with compensationTime 1ms
2020-05-06 19:32:21,358 | INFO  | Eureka-EvictionTimer:c.n.e.r.AbstractInstanceRegistry:1250 | Running the evict task with compensationTime 0ms
2020-05-06 19:33:21,358 | INFO  | Eureka-EvictionTimer:c.n.e.r.AbstractInstanceRegistry:1250 | Running the evict task with compensationTime 0ms
2020-05-06 19:34:21,359 | INFO  | Eureka-EvictionTimer:c.n.e.r.AbstractInstanceRegistry:1250 | Running the evict task with compensationTime 0ms
2020-05-06 19:35:21,359 | INFO  | Eureka-EvictionTimer:c.n.e.r.AbstractInstanceRegistry:1250 | Running the evict task with compensationTime 0ms
2020-05-06 19:36:21,360 | INFO  | Eureka-EvictionTimer:c.n.e.r.AbstractInstanceRegistry:1250 | Running the evict task with compensationTime 0ms
2020-05-06 19:37:21,361 | INFO  | Eureka-EvictionTimer:c.n.e.r.AbstractInstanceRegistry:1250 | Running the evict task with compensationTime 0ms
2020-05-06 19:38:21,362 | INFO  | Eureka-EvictionTimer:c.n.e.r.AbstractInstanceRegistry:1250 | Running the evict task with compensationTime 1ms
2020-05-06 19:39:19,065 | INFO  | ReplicaAwareInstanceRegistry - RenewalThresholdUpdater:c.n.e.r.PeerAwareInstanceRegistryImpl:539 | Current renewal threshold is : 6
2020-05-06 19:39:21,363 | INFO  | Eureka-EvictionTimer:c.n.e.r.AbstractInstanceRegistry:1250 | Running the evict task with compensationTime 0ms
2020-05-06 19:40:21,363 | INFO  | Eureka-EvictionTimer:c.n.e.r.AbstractInstanceRegistry:1250 | Running the evict task with compensationTime 0ms
2020-05-06 19:41:21,364 | INFO  | Eureka-EvictionTimer:c.n.e.r.AbstractInstanceRegistry:1250 | Running the evict task with compensationTime 0ms
2020-05-06 19:42:21,393 | INFO  | Eureka-EvictionTimer:c.n.e.r.AbstractInstanceRegistry:1250 | Running the evict task with compensationTime 29ms
2020-05-06 19:43:21,394 | INFO  | Eureka-EvictionTimer:c.n.e.r.AbstractInstanceRegistry:1250 | Running the evict task with compensationTime 0ms
2020-05-06 19:44:21,395 | INFO  | Eureka-EvictionTimer:c.n.e.r.AbstractInstanceRegistry:1250 | Running the evict task with compensationTime 0ms
2020-05-06 19:45:21,395 | INFO  | Eureka-EvictionTimer:c.n.e.r.AbstractInstanceRegistry:1250 | Running the evict task with compensationTime 0ms
2020-05-06 19:46:21,396 | INFO  | Eureka-EvictionTimer:c.n.e.r.AbstractInstanceRegistry:1250 | Running the evict task with compensationTime 0ms
2020-05-06 19:47:21,396 | INFO  | Eureka-EvictionTimer:c.n.e.r.AbstractInstanceRegistry:1250 | Running the evict task with compensationTime 0ms
2020-05-06 19:48:21,397 | INFO  | Eureka-EvictionTimer:c.n.e.r.AbstractInstanceRegistry:1250 | Running the evict task with compensationTime 1ms
2020-05-06 19:49:21,398 | INFO  | Eureka-EvictionTimer:c.n.e.r.AbstractInstanceRegistry:1250 | Running the evict task with compensationTime 0ms
2020-05-06 19:50:21,398 | INFO  | Eureka-EvictionTimer:c.n.e.r.AbstractInstanceRegistry:1250 | Running the evict task with compensationTime 0ms
2020-05-06 19:51:21,411 | INFO  | Eureka-EvictionTimer:c.n.e.r.AbstractInstanceRegistry:1250 | Running the evict task with compensationTime 12ms
2020-05-06 19:52:21,411 | INFO  | Eureka-EvictionTimer:c.n.e.r.AbstractInstanceRegistry:1250 | Running the evict task with compensationTime 0ms
2020-05-06 19:53:21,412 | INFO  | Eureka-EvictionTimer:c.n.e.r.AbstractInstanceRegistry:1250 | Running the evict task with compensationTime 0ms
2020-05-06 19:54:19,066 | INFO  | ReplicaAwareInstanceRegistry - RenewalThresholdUpdater:c.n.e.r.PeerAwareInstanceRegistryImpl:539 | Current renewal threshold is : 6
2020-05-06 19:54:21,412 | INFO  | Eureka-EvictionTimer:c.n.e.r.AbstractInstanceRegistry:1250 | Running the evict task with compensationTime 0ms
2020-05-06 19:55:21,413 | INFO  | Eureka-EvictionTimer:c.n.e.r.AbstractInstanceRegistry:1250 | Running the evict task with compensationTime 0ms
2020-05-06 19:56:21,414 | INFO  | Eureka-EvictionTimer:c.n.e.r.AbstractInstanceRegistry:1250 | Running the evict task with compensationTime 0ms
2020-05-06 19:57:21,415 | INFO  | Eureka-EvictionTimer:c.n.e.r.AbstractInstanceRegistry:1250 | Running the evict task with compensationTime 0ms
2020-05-06 19:58:21,416 | INFO  | Eureka-EvictionTimer:c.n.e.r.AbstractInstanceRegistry:1250 | Running the evict task with compensationTime 1ms
2020-05-06 19:59:21,416 | INFO  | Eureka-EvictionTimer:c.n.e.r.AbstractInstanceRegistry:1250 | Running the evict task with compensationTime 0ms
2020-05-06 20:00:21,417 | INFO  | Eureka-EvictionTimer:c.n.e.r.AbstractInstanceRegistry:1250 | Running the evict task with compensationTime 1ms
2020-05-06 20:01:21,418 | INFO  | Eureka-EvictionTimer:c.n.e.r.AbstractInstanceRegistry:1250 | Running the evict task with compensationTime 0ms
2020-05-06 20:02:21,419 | INFO  | Eureka-EvictionTimer:c.n.e.r.AbstractInstanceRegistry:1250 | Running the evict task with compensationTime 0ms
2020-05-06 20:03:21,420 | INFO  | Eureka-EvictionTimer:c.n.e.r.AbstractInstanceRegistry:1250 | Running the evict task with compensationTime 1ms
2020-05-06 20:04:21,421 | INFO  | Eureka-EvictionTimer:c.n.e.r.AbstractInstanceRegistry:1250 | Running the evict task with compensationTime 0ms
2020-05-06 20:05:21,422 | INFO  | Eureka-EvictionTimer:c.n.e.r.AbstractInstanceRegistry:1250 | Running the evict task with compensationTime 1ms
2020-05-06 20:06:21,423 | INFO  | Eureka-EvictionTimer:c.n.e.r.AbstractInstanceRegistry:1250 | Running the evict task with compensationTime 0ms
2020-05-06 20:07:21,423 | INFO  | Eureka-EvictionTimer:c.n.e.r.AbstractInstanceRegistry:1250 | Running the evict task with compensationTime 0ms
2020-05-06 20:08:21,424 | INFO  | Eureka-EvictionTimer:c.n.e.r.AbstractInstanceRegistry:1250 | Running the evict task with compensationTime 0ms
2020-05-06 20:09:19,067 | INFO  | ReplicaAwareInstanceRegistry - RenewalThresholdUpdater:c.n.e.r.PeerAwareInstanceRegistryImpl:539 | Current renewal threshold is : 6
2020-05-06 20:09:21,424 | INFO  | Eureka-EvictionTimer:c.n.e.r.AbstractInstanceRegistry:1250 | Running the evict task with compensationTime 0ms
2020-05-06 20:10:21,425 | INFO  | Eureka-EvictionTimer:c.n.e.r.AbstractInstanceRegistry:1250 | Running the evict task with compensationTime 0ms
2020-05-06 20:11:21,426 | INFO  | Eureka-EvictionTimer:c.n.e.r.AbstractInstanceRegistry:1250 | Running the evict task with compensationTime 0ms
2020-05-06 20:12:21,427 | INFO  | Eureka-EvictionTimer:c.n.e.r.AbstractInstanceRegistry:1250 | Running the evict task with compensationTime 0ms
2020-05-06 20:13:21,428 | INFO  | Eureka-EvictionTimer:c.n.e.r.AbstractInstanceRegistry:1250 | Running the evict task with compensationTime 1ms
2020-05-06 20:14:21,428 | INFO  | Eureka-EvictionTimer:c.n.e.r.AbstractInstanceRegistry:1250 | Running the evict task with compensationTime 0ms
2020-05-06 20:15:21,429 | INFO  | Eureka-EvictionTimer:c.n.e.r.AbstractInstanceRegistry:1250 | Running the evict task with compensationTime 0ms
2020-05-06 20:16:21,430 | INFO  | Eureka-EvictionTimer:c.n.e.r.AbstractInstanceRegistry:1250 | Running the evict task with compensationTime 0ms
2020-05-06 20:17:21,431 | INFO  | Eureka-EvictionTimer:c.n.e.r.AbstractInstanceRegistry:1250 | Running the evict task with compensationTime 1ms
2020-05-06 20:18:21,432 | INFO  | Eureka-EvictionTimer:c.n.e.r.AbstractInstanceRegistry:1250 | Running the evict task with compensationTime 0ms
2020-05-06 20:19:21,432 | INFO  | Eureka-EvictionTimer:c.n.e.r.AbstractInstanceRegistry:1250 | Running the evict task with compensationTime 0ms
2020-05-06 20:20:21,433 | INFO  | Eureka-EvictionTimer:c.n.e.r.AbstractInstanceRegistry:1250 | Running the evict task with compensationTime 0ms
2020-05-06 20:21:21,434 | INFO  | Eureka-EvictionTimer:c.n.e.r.AbstractInstanceRegistry:1250 | Running the evict task with compensationTime 0ms
2020-05-06 20:22:21,434 | INFO  | Eureka-EvictionTimer:c.n.e.r.AbstractInstanceRegistry:1250 | Running the evict task with compensationTime 0ms
2020-05-06 20:23:21,435 | INFO  | Eureka-EvictionTimer:c.n.e.r.AbstractInstanceRegistry:1250 | Running the evict task with compensationTime 0ms
2020-05-06 20:24:19,067 | INFO  | ReplicaAwareInstanceRegistry - RenewalThresholdUpdater:c.n.e.r.PeerAwareInstanceRegistryImpl:539 | Current renewal threshold is : 6
2020-05-06 20:24:21,435 | INFO  | Eureka-EvictionTimer:c.n.e.r.AbstractInstanceRegistry:1250 | Running the evict task with compensationTime 0ms
2020-05-06 20:25:21,436 | INFO  | Eureka-EvictionTimer:c.n.e.r.AbstractInstanceRegistry:1250 | Running the evict task with compensationTime 0ms
2020-05-06 20:26:21,436 | INFO  | Eureka-EvictionTimer:c.n.e.r.AbstractInstanceRegistry:1250 | Running the evict task with compensationTime 0ms
2020-05-06 20:27:21,437 | INFO  | Eureka-EvictionTimer:c.n.e.r.AbstractInstanceRegistry:1250 | Running the evict task with compensationTime 0ms
2020-05-06 20:28:21,438 | INFO  | Eureka-EvictionTimer:c.n.e.r.AbstractInstanceRegistry:1250 | Running the evict task with compensationTime 0ms
2020-05-06 20:29:21,438 | INFO  | Eureka-EvictionTimer:c.n.e.r.AbstractInstanceRegistry:1250 | Running the evict task with compensationTime 0ms
2020-05-06 20:30:21,439 | INFO  | Eureka-EvictionTimer:c.n.e.r.AbstractInstanceRegistry:1250 | Running the evict task with compensationTime 1ms
2020-05-06 20:31:21,439 | INFO  | Eureka-EvictionTimer:c.n.e.r.AbstractInstanceRegistry:1250 | Running the evict task with compensationTime 0ms
2020-05-06 20:32:21,440 | INFO  | Eureka-EvictionTimer:c.n.e.r.AbstractInstanceRegistry:1250 | Running the evict task with compensationTime 0ms
2020-05-06 20:33:21,441 | INFO  | Eureka-EvictionTimer:c.n.e.r.AbstractInstanceRegistry:1250 | Running the evict task with compensationTime 0ms
2020-05-06 20:34:21,441 | INFO  | Eureka-EvictionTimer:c.n.e.r.AbstractInstanceRegistry:1250 | Running the evict task with compensationTime 0ms
2020-05-06 20:35:21,442 | INFO  | Eureka-EvictionTimer:c.n.e.r.AbstractInstanceRegistry:1250 | Running the evict task with compensationTime 0ms
2020-05-06 20:36:21,442 | INFO  | Eureka-EvictionTimer:c.n.e.r.AbstractInstanceRegistry:1250 | Running the evict task with compensationTime 0ms
2020-05-06 20:37:21,443 | INFO  | Eureka-EvictionTimer:c.n.e.r.AbstractInstanceRegistry:1250 | Running the evict task with compensationTime 0ms
2020-05-06 20:38:21,443 | INFO  | Eureka-EvictionTimer:c.n.e.r.AbstractInstanceRegistry:1250 | Running the evict task with compensationTime 0ms
2020-05-06 20:39:19,067 | INFO  | ReplicaAwareInstanceRegistry - RenewalThresholdUpdater:c.n.e.r.PeerAwareInstanceRegistryImpl:539 | Current renewal threshold is : 6
2020-05-06 20:39:21,444 | INFO  | Eureka-EvictionTimer:c.n.e.r.AbstractInstanceRegistry:1250 | Running the evict task with compensationTime 0ms
2020-05-06 20:40:21,445 | INFO  | Eureka-EvictionTimer:c.n.e.r.AbstractInstanceRegistry:1250 | Running the evict task with compensationTime 0ms
2020-05-06 20:41:21,446 | INFO  | Eureka-EvictionTimer:c.n.e.r.AbstractInstanceRegistry:1250 | Running the evict task with compensationTime 0ms
2020-05-06 20:42:21,446 | INFO  | Eureka-EvictionTimer:c.n.e.r.AbstractInstanceRegistry:1250 | Running the evict task with compensationTime 0ms
2020-05-06 20:43:21,447 | INFO  | Eureka-EvictionTimer:c.n.e.r.AbstractInstanceRegistry:1250 | Running the evict task with compensationTime 0ms
2020-05-06 20:44:21,448 | INFO  | Eureka-EvictionTimer:c.n.e.r.AbstractInstanceRegistry:1250 | Running the evict task with compensationTime 1ms
2020-05-06 20:45:21,449 | INFO  | Eureka-EvictionTimer:c.n.e.r.AbstractInstanceRegistry:1250 | Running the evict task with compensationTime 1ms
2020-05-06 20:46:21,450 | INFO  | Eureka-EvictionTimer:c.n.e.r.AbstractInstanceRegistry:1250 | Running the evict task with compensationTime 0ms
2020-05-06 20:47:21,449 | INFO  | Eureka-EvictionTimer:c.n.e.r.AbstractInstanceRegistry:1250 | Running the evict task with compensationTime 0ms
2020-05-06 20:48:21,449 | INFO  | Eureka-EvictionTimer:c.n.e.r.AbstractInstanceRegistry:1250 | Running the evict task with compensationTime 0ms
2020-05-06 20:49:21,450 | INFO  | Eureka-EvictionTimer:c.n.e.r.AbstractInstanceRegistry:1250 | Running the evict task with compensationTime 1ms
2020-05-06 20:50:21,451 | INFO  | Eureka-EvictionTimer:c.n.e.r.AbstractInstanceRegistry:1250 | Running the evict task with compensationTime 0ms
2020-05-06 20:51:21,451 | INFO  | Eureka-EvictionTimer:c.n.e.r.AbstractInstanceRegistry:1250 | Running the evict task with compensationTime 0ms
2020-05-06 20:52:21,452 | INFO  | Eureka-EvictionTimer:c.n.e.r.AbstractInstanceRegistry:1250 | Running the evict task with compensationTime 0ms
2020-05-06 20:53:21,459 | INFO  | Eureka-EvictionTimer:c.n.e.r.AbstractInstanceRegistry:1250 | Running the evict task with compensationTime 7ms
2020-05-06 20:54:19,068 | INFO  | ReplicaAwareInstanceRegistry - RenewalThresholdUpdater:c.n.e.r.PeerAwareInstanceRegistryImpl:539 | Current renewal threshold is : 6
2020-05-06 20:54:21,460 | INFO  | Eureka-EvictionTimer:c.n.e.r.AbstractInstanceRegistry:1250 | Running the evict task with compensationTime 0ms
2020-05-06 20:55:21,461 | INFO  | Eureka-EvictionTimer:c.n.e.r.AbstractInstanceRegistry:1250 | Running the evict task with compensationTime 1ms
2020-05-06 20:56:21,461 | INFO  | Eureka-EvictionTimer:c.n.e.r.AbstractInstanceRegistry:1250 | Running the evict task with compensationTime 0ms
2020-05-06 20:57:21,462 | INFO  | Eureka-EvictionTimer:c.n.e.r.AbstractInstanceRegistry:1250 | Running the evict task with compensationTime 0ms
2020-05-06 20:58:21,462 | INFO  | Eureka-EvictionTimer:c.n.e.r.AbstractInstanceRegistry:1250 | Running the evict task with compensationTime 0ms
2020-05-06 20:59:21,511 | INFO  | Eureka-EvictionTimer:c.n.e.r.AbstractInstanceRegistry:1250 | Running the evict task with compensationTime 0ms
2020-05-06 21:00:21,463 | INFO  | Eureka-EvictionTimer:c.n.e.r.AbstractInstanceRegistry:1250 | Running the evict task with compensationTime 0ms
2020-05-06 21:01:21,463 | INFO  | Eureka-EvictionTimer:c.n.e.r.AbstractInstanceRegistry:1250 | Running the evict task with compensationTime 0ms
2020-05-06 21:02:21,464 | INFO  | Eureka-EvictionTimer:c.n.e.r.AbstractInstanceRegistry:1250 | Running the evict task with compensationTime 0ms
2020-05-06 21:03:21,464 | INFO  | Eureka-EvictionTimer:c.n.e.r.AbstractInstanceRegistry:1250 | Running the evict task with compensationTime 0ms
2020-05-06 21:04:21,465 | INFO  | Eureka-EvictionTimer:c.n.e.r.AbstractInstanceRegistry:1250 | Running the evict task with compensationTime 0ms
2020-05-06 21:05:21,465 | INFO  | Eureka-EvictionTimer:c.n.e.r.AbstractInstanceRegistry:1250 | Running the evict task with compensationTime 0ms
2020-05-06 21:06:21,466 | INFO  | Eureka-EvictionTimer:c.n.e.r.AbstractInstanceRegistry:1250 | Running the evict task with compensationTime 0ms
2020-05-06 21:07:21,467 | INFO  | Eureka-EvictionTimer:c.n.e.r.AbstractInstanceRegistry:1250 | Running the evict task with compensationTime 0ms
2020-05-06 21:08:21,467 | INFO  | Eureka-EvictionTimer:c.n.e.r.AbstractInstanceRegistry:1250 | Running the evict task with compensationTime 0ms
2020-05-06 21:09:19,084 | INFO  | ReplicaAwareInstanceRegistry - RenewalThresholdUpdater:c.n.e.r.PeerAwareInstanceRegistryImpl:539 | Current renewal threshold is : 6
2020-05-06 21:09:21,468 | INFO  | Eureka-EvictionTimer:c.n.e.r.AbstractInstanceRegistry:1250 | Running the evict task with compensationTime 0ms
2020-05-06 21:10:21,469 | INFO  | Eureka-EvictionTimer:c.n.e.r.AbstractInstanceRegistry:1250 | Running the evict task with compensationTime 0ms
2020-05-06 21:11:21,470 | INFO  | Eureka-EvictionTimer:c.n.e.r.AbstractInstanceRegistry:1250 | Running the evict task with compensationTime 0ms
2020-05-06 21:12:21,471 | INFO  | Eureka-EvictionTimer:c.n.e.r.AbstractInstanceRegistry:1250 | Running the evict task with compensationTime 0ms
2020-05-06 21:13:21,489 | INFO  | Eureka-EvictionTimer:c.n.e.r.AbstractInstanceRegistry:1250 | Running the evict task with compensationTime 18ms
2020-05-06 21:14:21,490 | INFO  | Eureka-EvictionTimer:c.n.e.r.AbstractInstanceRegistry:1250 | Running the evict task with compensationTime 0ms
2020-05-06 21:15:21,490 | INFO  | Eureka-EvictionTimer:c.n.e.r.AbstractInstanceRegistry:1250 | Running the evict task with compensationTime 0ms
2020-05-06 21:16:21,491 | INFO  | Eureka-EvictionTimer:c.n.e.r.AbstractInstanceRegistry:1250 | Running the evict task with compensationTime 0ms
2020-05-06 21:17:21,492 | INFO  | Eureka-EvictionTimer:c.n.e.r.AbstractInstanceRegistry:1250 | Running the evict task with compensationTime 0ms
2020-05-06 21:18:21,492 | INFO  | Eureka-EvictionTimer:c.n.e.r.AbstractInstanceRegistry:1250 | Running the evict task with compensationTime 0ms
2020-05-06 21:19:21,493 | INFO  | Eureka-EvictionTimer:c.n.e.r.AbstractInstanceRegistry:1250 | Running the evict task with compensationTime 0ms
2020-05-06 21:20:21,493 | INFO  | Eureka-EvictionTimer:c.n.e.r.AbstractInstanceRegistry:1250 | Running the evict task with compensationTime 0ms
2020-05-06 21:21:21,494 | INFO  | Eureka-EvictionTimer:c.n.e.r.AbstractInstanceRegistry:1250 | Running the evict task with compensationTime 1ms
2020-05-06 21:22:21,494 | INFO  | Eureka-EvictionTimer:c.n.e.r.AbstractInstanceRegistry:1250 | Running the evict task with compensationTime 0ms
2020-05-06 21:23:21,495 | INFO  | Eureka-EvictionTimer:c.n.e.r.AbstractInstanceRegistry:1250 | Running the evict task with compensationTime 1ms
2020-05-06 21:24:19,070 | INFO  | ReplicaAwareInstanceRegistry - RenewalThresholdUpdater:c.n.e.r.PeerAwareInstanceRegistryImpl:539 | Current renewal threshold is : 6
2020-05-06 21:24:21,496 | INFO  | Eureka-EvictionTimer:c.n.e.r.AbstractInstanceRegistry:1250 | Running the evict task with compensationTime 0ms
2020-05-06 21:25:21,496 | INFO  | Eureka-EvictionTimer:c.n.e.r.AbstractInstanceRegistry:1250 | Running the evict task with compensationTime 0ms
2020-05-06 21:26:21,497 | INFO  | Eureka-EvictionTimer:c.n.e.r.AbstractInstanceRegistry:1250 | Running the evict task with compensationTime 0ms
2020-05-06 21:27:21,497 | INFO  | Eureka-EvictionTimer:c.n.e.r.AbstractInstanceRegistry:1250 | Running the evict task with compensationTime 0ms
2020-05-06 21:28:21,498 | INFO  | Eureka-EvictionTimer:c.n.e.r.AbstractInstanceRegistry:1250 | Running the evict task with compensationTime 0ms
2020-05-06 21:29:21,499 | INFO  | Eureka-EvictionTimer:c.n.e.r.AbstractInstanceRegistry:1250 | Running the evict task with compensationTime 0ms
2020-05-06 21:30:21,500 | INFO  | Eureka-EvictionTimer:c.n.e.r.AbstractInstanceRegistry:1250 | Running the evict task with compensationTime 1ms
2020-05-06 21:31:21,501 | INFO  | Eureka-EvictionTimer:c.n.e.r.AbstractInstanceRegistry:1250 | Running the evict task with compensationTime 1ms
2020-05-06 21:32:21,502 | INFO  | Eureka-EvictionTimer:c.n.e.r.AbstractInstanceRegistry:1250 | Running the evict task with compensationTime 1ms
2020-05-06 21:33:21,503 | INFO  | Eureka-EvictionTimer:c.n.e.r.AbstractInstanceRegistry:1250 | Running the evict task with compensationTime 1ms
2020-05-06 21:34:21,504 | INFO  | Eureka-EvictionTimer:c.n.e.r.AbstractInstanceRegistry:1250 | Running the evict task with compensationTime 0ms
2020-05-06 21:35:21,504 | INFO  | Eureka-EvictionTimer:c.n.e.r.AbstractInstanceRegistry:1250 | Running the evict task with compensationTime 0ms
2020-05-06 21:36:21,505 | INFO  | Eureka-EvictionTimer:c.n.e.r.AbstractInstanceRegistry:1250 | Running the evict task with compensationTime 0ms
2020-05-06 21:37:21,506 | INFO  | Eureka-EvictionTimer:c.n.e.r.AbstractInstanceRegistry:1250 | Running the evict task with compensationTime 0ms
2020-05-06 21:38:21,507 | INFO  | Eureka-EvictionTimer:c.n.e.r.AbstractInstanceRegistry:1250 | Running the evict task with compensationTime 1ms
2020-05-06 21:39:19,070 | INFO  | ReplicaAwareInstanceRegistry - RenewalThresholdUpdater:c.n.e.r.PeerAwareInstanceRegistryImpl:539 | Current renewal threshold is : 6
2020-05-06 21:39:21,508 | INFO  | Eureka-EvictionTimer:c.n.e.r.AbstractInstanceRegistry:1250 | Running the evict task with compensationTime 0ms
2020-05-06 21:40:21,508 | INFO  | Eureka-EvictionTimer:c.n.e.r.AbstractInstanceRegistry:1250 | Running the evict task with compensationTime 0ms
2020-05-06 21:41:21,509 | INFO  | Eureka-EvictionTimer:c.n.e.r.AbstractInstanceRegistry:1250 | Running the evict task with compensationTime 0ms
2020-05-06 21:42:21,509 | INFO  | Eureka-EvictionTimer:c.n.e.r.AbstractInstanceRegistry:1250 | Running the evict task with compensationTime 0ms
2020-05-06 21:43:21,510 | INFO  | Eureka-EvictionTimer:c.n.e.r.AbstractInstanceRegistry:1250 | Running the evict task with compensationTime 0ms
2020-05-06 21:44:21,511 | INFO  | Eureka-EvictionTimer:c.n.e.r.AbstractInstanceRegistry:1250 | Running the evict task with compensationTime 0ms
2020-05-06 21:45:21,511 | INFO  | Eureka-EvictionTimer:c.n.e.r.AbstractInstanceRegistry:1250 | Running the evict task with compensationTime 1ms
2020-05-06 21:46:21,512 | INFO  | Eureka-EvictionTimer:c.n.e.r.AbstractInstanceRegistry:1250 | Running the evict task with compensationTime 0ms
2020-05-06 21:47:21,512 | INFO  | Eureka-EvictionTimer:c.n.e.r.AbstractInstanceRegistry:1250 | Running the evict task with compensationTime 0ms
2020-05-06 21:48:21,513 | INFO  | Eureka-EvictionTimer:c.n.e.r.AbstractInstanceRegistry:1250 | Running the evict task with compensationTime 1ms
2020-05-06 21:49:21,514 | INFO  | Eureka-EvictionTimer:c.n.e.r.AbstractInstanceRegistry:1250 | Running the evict task with compensationTime 0ms
2020-05-06 21:50:21,514 | INFO  | Eureka-EvictionTimer:c.n.e.r.AbstractInstanceRegistry:1250 | Running the evict task with compensationTime 0ms
2020-05-06 21:51:21,515 | INFO  | Eureka-EvictionTimer:c.n.e.r.AbstractInstanceRegistry:1250 | Running the evict task with compensationTime 0ms
2020-05-06 21:52:21,516 | INFO  | Eureka-EvictionTimer:c.n.e.r.AbstractInstanceRegistry:1250 | Running the evict task with compensationTime 0ms
2020-05-06 21:53:21,517 | INFO  | Eureka-EvictionTimer:c.n.e.r.AbstractInstanceRegistry:1250 | Running the evict task with compensationTime 1ms
2020-05-06 21:54:19,071 | INFO  | ReplicaAwareInstanceRegistry - RenewalThresholdUpdater:c.n.e.r.PeerAwareInstanceRegistryImpl:539 | Current renewal threshold is : 6
2020-05-06 21:54:21,517 | INFO  | Eureka-EvictionTimer:c.n.e.r.AbstractInstanceRegistry:1250 | Running the evict task with compensationTime 0ms
2020-05-06 21:55:21,518 | INFO  | Eureka-EvictionTimer:c.n.e.r.AbstractInstanceRegistry:1250 | Running the evict task with compensationTime 0ms
2020-05-06 21:56:21,519 | INFO  | Eureka-EvictionTimer:c.n.e.r.AbstractInstanceRegistry:1250 | Running the evict task with compensationTime 0ms
2020-05-06 21:57:21,519 | INFO  | Eureka-EvictionTimer:c.n.e.r.AbstractInstanceRegistry:1250 | Running the evict task with compensationTime 0ms
2020-05-06 21:58:21,520 | INFO  | Eureka-EvictionTimer:c.n.e.r.AbstractInstanceRegistry:1250 | Running the evict task with compensationTime 1ms
2020-05-06 21:59:21,521 | INFO  | Eureka-EvictionTimer:c.n.e.r.AbstractInstanceRegistry:1250 | Running the evict task with compensationTime 0ms
2020-05-06 22:00:21,522 | INFO  | Eureka-EvictionTimer:c.n.e.r.AbstractInstanceRegistry:1250 | Running the evict task with compensationTime 1ms
2020-05-06 22:01:21,522 | INFO  | Eureka-EvictionTimer:c.n.e.r.AbstractInstanceRegistry:1250 | Running the evict task with compensationTime 0ms
2020-05-06 22:02:21,522 | INFO  | Eureka-EvictionTimer:c.n.e.r.AbstractInstanceRegistry:1250 | Running the evict task with compensationTime 0ms
2020-05-06 22:03:21,523 | INFO  | Eureka-EvictionTimer:c.n.e.r.AbstractInstanceRegistry:1250 | Running the evict task with compensationTime 0ms
2020-05-06 22:04:21,524 | INFO  | Eureka-EvictionTimer:c.n.e.r.AbstractInstanceRegistry:1250 | Running the evict task with compensationTime 0ms
2020-05-06 22:05:21,525 | INFO  | Eureka-EvictionTimer:c.n.e.r.AbstractInstanceRegistry:1250 | Running the evict task with compensationTime 1ms
2020-05-06 22:06:21,526 | INFO  | Eureka-EvictionTimer:c.n.e.r.AbstractInstanceRegistry:1250 | Running the evict task with compensationTime 0ms
2020-05-06 22:07:21,526 | INFO  | Eureka-EvictionTimer:c.n.e.r.AbstractInstanceRegistry:1250 | Running the evict task with compensationTime 0ms
2020-05-06 22:08:21,527 | INFO  | Eureka-EvictionTimer:c.n.e.r.AbstractInstanceRegistry:1250 | Running the evict task with compensationTime 0ms
2020-05-06 22:09:19,109 | INFO  | ReplicaAwareInstanceRegistry - RenewalThresholdUpdater:c.n.e.r.PeerAwareInstanceRegistryImpl:539 | Current renewal threshold is : 6
2020-05-06 22:09:21,528 | INFO  | Eureka-EvictionTimer:c.n.e.r.AbstractInstanceRegistry:1250 | Running the evict task with compensationTime 1ms
2020-05-06 22:10:21,528 | INFO  | Eureka-EvictionTimer:c.n.e.r.AbstractInstanceRegistry:1250 | Running the evict task with compensationTime 0ms
2020-05-06 22:11:21,554 | INFO  | Eureka-EvictionTimer:c.n.e.r.AbstractInstanceRegistry:1250 | Running the evict task with compensationTime 26ms
2020-05-06 22:12:21,556 | INFO  | Eureka-EvictionTimer:c.n.e.r.AbstractInstanceRegistry:1250 | Running the evict task with compensationTime 1ms
2020-05-06 22:13:21,557 | INFO  | Eureka-EvictionTimer:c.n.e.r.AbstractInstanceRegistry:1250 | Running the evict task with compensationTime 0ms
2020-05-06 22:14:21,557 | INFO  | Eureka-EvictionTimer:c.n.e.r.AbstractInstanceRegistry:1250 | Running the evict task with compensationTime 0ms
2020-05-06 22:15:21,558 | INFO  | Eureka-EvictionTimer:c.n.e.r.AbstractInstanceRegistry:1250 | Running the evict task with compensationTime 0ms
2020-05-06 22:16:21,559 | INFO  | Eureka-EvictionTimer:c.n.e.r.AbstractInstanceRegistry:1250 | Running the evict task with compensationTime 0ms
2020-05-06 22:17:21,559 | INFO  | Eureka-EvictionTimer:c.n.e.r.AbstractInstanceRegistry:1250 | Running the evict task with compensationTime 0ms
2020-05-06 22:18:21,560 | INFO  | Eureka-EvictionTimer:c.n.e.r.AbstractInstanceRegistry:1250 | Running the evict task with compensationTime 0ms
2020-05-06 22:19:21,560 | INFO  | Eureka-EvictionTimer:c.n.e.r.AbstractInstanceRegistry:1250 | Running the evict task with compensationTime 0ms
2020-05-06 22:20:21,595 | INFO  | Eureka-EvictionTimer:c.n.e.r.AbstractInstanceRegistry:1250 | Running the evict task with compensationTime 35ms
2020-05-06 22:21:21,596 | INFO  | Eureka-EvictionTimer:c.n.e.r.AbstractInstanceRegistry:1250 | Running the evict task with compensationTime 0ms
2020-05-06 22:22:21,596 | INFO  | Eureka-EvictionTimer:c.n.e.r.AbstractInstanceRegistry:1250 | Running the evict task with compensationTime 0ms
2020-05-06 22:23:21,597 | INFO  | Eureka-EvictionTimer:c.n.e.r.AbstractInstanceRegistry:1250 | Running the evict task with compensationTime 0ms
2020-05-06 22:24:19,072 | INFO  | ReplicaAwareInstanceRegistry - RenewalThresholdUpdater:c.n.e.r.PeerAwareInstanceRegistryImpl:539 | Current renewal threshold is : 6
2020-05-06 22:24:21,598 | INFO  | Eureka-EvictionTimer:c.n.e.r.AbstractInstanceRegistry:1250 | Running the evict task with compensationTime 1ms
2020-05-06 22:25:21,599 | INFO  | Eureka-EvictionTimer:c.n.e.r.AbstractInstanceRegistry:1250 | Running the evict task with compensationTime 0ms
2020-05-06 22:26:21,599 | INFO  | Eureka-EvictionTimer:c.n.e.r.AbstractInstanceRegistry:1250 | Running the evict task with compensationTime 0ms
2020-05-06 22:27:21,600 | INFO  | Eureka-EvictionTimer:c.n.e.r.AbstractInstanceRegistry:1250 | Running the evict task with compensationTime 0ms
2020-05-06 22:28:21,601 | INFO  | Eureka-EvictionTimer:c.n.e.r.AbstractInstanceRegistry:1250 | Running the evict task with compensationTime 0ms
2020-05-06 22:29:21,601 | INFO  | Eureka-EvictionTimer:c.n.e.r.AbstractInstanceRegistry:1250 | Running the evict task with compensationTime 0ms
2020-05-06 22:30:21,602 | INFO  | Eureka-EvictionTimer:c.n.e.r.AbstractInstanceRegistry:1250 | Running the evict task with compensationTime 0ms
2020-05-06 22:31:21,602 | INFO  | Eureka-EvictionTimer:c.n.e.r.AbstractInstanceRegistry:1250 | Running the evict task with compensationTime 0ms
2020-05-06 22:32:21,603 | INFO  | Eureka-EvictionTimer:c.n.e.r.AbstractInstanceRegistry:1250 | Running the evict task with compensationTime 0ms
2020-05-06 22:33:21,604 | INFO  | Eureka-EvictionTimer:c.n.e.r.AbstractInstanceRegistry:1250 | Running the evict task with compensationTime 0ms
2020-05-06 22:34:21,605 | INFO  | Eureka-EvictionTimer:c.n.e.r.AbstractInstanceRegistry:1250 | Running the evict task with compensationTime 1ms
2020-05-06 22:35:21,608 | INFO  | Eureka-EvictionTimer:c.n.e.r.AbstractInstanceRegistry:1250 | Running the evict task with compensationTime 3ms
2020-05-06 22:36:21,608 | INFO  | Eureka-EvictionTimer:c.n.e.r.AbstractInstanceRegistry:1250 | Running the evict task with compensationTime 0ms
2020-05-06 22:37:21,609 | INFO  | Eureka-EvictionTimer:c.n.e.r.AbstractInstanceRegistry:1250 | Running the evict task with compensationTime 0ms
2020-05-06 22:38:21,610 | INFO  | Eureka-EvictionTimer:c.n.e.r.AbstractInstanceRegistry:1250 | Running the evict task with compensationTime 0ms
2020-05-06 22:39:19,073 | INFO  | ReplicaAwareInstanceRegistry - RenewalThresholdUpdater:c.n.e.r.PeerAwareInstanceRegistryImpl:539 | Current renewal threshold is : 6
2020-05-06 22:39:21,611 | INFO  | Eureka-EvictionTimer:c.n.e.r.AbstractInstanceRegistry:1250 | Running the evict task with compensationTime 1ms
2020-05-06 22:40:21,612 | INFO  | Eureka-EvictionTimer:c.n.e.r.AbstractInstanceRegistry:1250 | Running the evict task with compensationTime 0ms
2020-05-06 22:41:21,612 | INFO  | Eureka-EvictionTimer:c.n.e.r.AbstractInstanceRegistry:1250 | Running the evict task with compensationTime 0ms
2020-05-06 22:42:21,613 | INFO  | Eureka-EvictionTimer:c.n.e.r.AbstractInstanceRegistry:1250 | Running the evict task with compensationTime 0ms
2020-05-06 22:43:21,614 | INFO  | Eureka-EvictionTimer:c.n.e.r.AbstractInstanceRegistry:1250 | Running the evict task with compensationTime 0ms
2020-05-06 22:44:21,615 | INFO  | Eureka-EvictionTimer:c.n.e.r.AbstractInstanceRegistry:1250 | Running the evict task with compensationTime 1ms
2020-05-06 22:45:21,615 | INFO  | Eureka-EvictionTimer:c.n.e.r.AbstractInstanceRegistry:1250 | Running the evict task with compensationTime 0ms
2020-05-06 22:46:21,616 | INFO  | Eureka-EvictionTimer:c.n.e.r.AbstractInstanceRegistry:1250 | Running the evict task with compensationTime 0ms
2020-05-06 22:47:21,616 | INFO  | Eureka-EvictionTimer:c.n.e.r.AbstractInstanceRegistry:1250 | Running the evict task with compensationTime 0ms
2020-05-06 22:48:21,616 | INFO  | Eureka-EvictionTimer:c.n.e.r.AbstractInstanceRegistry:1250 | Running the evict task with compensationTime 0ms
2020-05-06 22:49:21,617 | INFO  | Eureka-EvictionTimer:c.n.e.r.AbstractInstanceRegistry:1250 | Running the evict task with compensationTime 0ms
2020-05-06 22:50:21,617 | INFO  | Eureka-EvictionTimer:c.n.e.r.AbstractInstanceRegistry:1250 | Running the evict task with compensationTime 0ms
2020-05-06 22:51:21,618 | INFO  | Eureka-EvictionTimer:c.n.e.r.AbstractInstanceRegistry:1250 | Running the evict task with compensationTime 0ms
2020-05-06 22:52:21,619 | INFO  | Eureka-EvictionTimer:c.n.e.r.AbstractInstanceRegistry:1250 | Running the evict task with compensationTime 0ms
2020-05-06 22:53:21,619 | INFO  | Eureka-EvictionTimer:c.n.e.r.AbstractInstanceRegistry:1250 | Running the evict task with compensationTime 0ms
2020-05-06 22:54:19,073 | INFO  | ReplicaAwareInstanceRegistry - RenewalThresholdUpdater:c.n.e.r.PeerAwareInstanceRegistryImpl:539 | Current renewal threshold is : 6
2020-05-06 22:54:21,620 | INFO  | Eureka-EvictionTimer:c.n.e.r.AbstractInstanceRegistry:1250 | Running the evict task with compensationTime 0ms
2020-05-06 22:55:21,621 | INFO  | Eureka-EvictionTimer:c.n.e.r.AbstractInstanceRegistry:1250 | Running the evict task with compensationTime 0ms
2020-05-06 22:56:21,622 | INFO  | Eureka-EvictionTimer:c.n.e.r.AbstractInstanceRegistry:1250 | Running the evict task with compensationTime 1ms
2020-05-06 22:57:21,623 | INFO  | Eureka-EvictionTimer:c.n.e.r.AbstractInstanceRegistry:1250 | Running the evict task with compensationTime 0ms
2020-05-06 22:58:21,623 | INFO  | Eureka-EvictionTimer:c.n.e.r.AbstractInstanceRegistry:1250 | Running the evict task with compensationTime 0ms
2020-05-06 22:59:21,624 | INFO  | Eureka-EvictionTimer:c.n.e.r.AbstractInstanceRegistry:1250 | Running the evict task with compensationTime 0ms
2020-05-06 23:00:21,625 | INFO  | Eureka-EvictionTimer:c.n.e.r.AbstractInstanceRegistry:1250 | Running the evict task with compensationTime 0ms
2020-05-06 23:01:21,625 | INFO  | Eureka-EvictionTimer:c.n.e.r.AbstractInstanceRegistry:1250 | Running the evict task with compensationTime 0ms
2020-05-06 23:02:21,626 | INFO  | Eureka-EvictionTimer:c.n.e.r.AbstractInstanceRegistry:1250 | Running the evict task with compensationTime 0ms
2020-05-06 23:03:21,626 | INFO  | Eureka-EvictionTimer:c.n.e.r.AbstractInstanceRegistry:1250 | Running the evict task with compensationTime 0ms
2020-05-06 23:04:21,627 | INFO  | Eureka-EvictionTimer:c.n.e.r.AbstractInstanceRegistry:1250 | Running the evict task with compensationTime 0ms
2020-05-06 23:05:21,627 | INFO  | Eureka-EvictionTimer:c.n.e.r.AbstractInstanceRegistry:1250 | Running the evict task with compensationTime 0ms
2020-05-06 23:06:21,628 | INFO  | Eureka-EvictionTimer:c.n.e.r.AbstractInstanceRegistry:1250 | Running the evict task with compensationTime 1ms
2020-05-06 23:07:21,629 | INFO  | Eureka-EvictionTimer:c.n.e.r.AbstractInstanceRegistry:1250 | Running the evict task with compensationTime 0ms
2020-05-06 23:08:21,629 | INFO  | Eureka-EvictionTimer:c.n.e.r.AbstractInstanceRegistry:1250 | Running the evict task with compensationTime 0ms
2020-05-06 23:09:19,074 | INFO  | ReplicaAwareInstanceRegistry - RenewalThresholdUpdater:c.n.e.r.PeerAwareInstanceRegistryImpl:539 | Current renewal threshold is : 6
2020-05-06 23:09:21,630 | INFO  | Eureka-EvictionTimer:c.n.e.r.AbstractInstanceRegistry:1250 | Running the evict task with compensationTime 0ms
2020-05-06 23:10:21,631 | INFO  | Eureka-EvictionTimer:c.n.e.r.AbstractInstanceRegistry:1250 | Running the evict task with compensationTime 0ms
2020-05-06 23:11:21,631 | INFO  | Eureka-EvictionTimer:c.n.e.r.AbstractInstanceRegistry:1250 | Running the evict task with compensationTime 0ms
2020-05-06 23:12:21,632 | INFO  | Eureka-EvictionTimer:c.n.e.r.AbstractInstanceRegistry:1250 | Running the evict task with compensationTime 0ms
2020-05-06 23:13:21,632 | INFO  | Eureka-EvictionTimer:c.n.e.r.AbstractInstanceRegistry:1250 | Running the evict task with compensationTime 0ms
2020-05-06 23:14:21,633 | INFO  | Eureka-EvictionTimer:c.n.e.r.AbstractInstanceRegistry:1250 | Running the evict task with compensationTime 0ms
2020-05-06 23:15:21,633 | INFO  | Eureka-EvictionTimer:c.n.e.r.AbstractInstanceRegistry:1250 | Running the evict task with compensationTime 0ms
2020-05-06 23:16:21,635 | INFO  | Eureka-EvictionTimer:c.n.e.r.AbstractInstanceRegistry:1250 | Running the evict task with compensationTime 1ms
2020-05-06 23:17:21,635 | INFO  | Eureka-EvictionTimer:c.n.e.r.AbstractInstanceRegistry:1250 | Running the evict task with compensationTime 0ms
2020-05-06 23:18:21,636 | INFO  | Eureka-EvictionTimer:c.n.e.r.AbstractInstanceRegistry:1250 | Running the evict task with compensationTime 0ms
2020-05-06 23:19:21,637 | INFO  | Eureka-EvictionTimer:c.n.e.r.AbstractInstanceRegistry:1250 | Running the evict task with compensationTime 0ms
2020-05-06 23:20:21,637 | INFO  | Eureka-EvictionTimer:c.n.e.r.AbstractInstanceRegistry:1250 | Running the evict task with compensationTime 0ms
2020-05-06 23:21:21,674 | INFO  | Eureka-EvictionTimer:c.n.e.r.AbstractInstanceRegistry:1250 | Running the evict task with compensationTime 34ms
2020-05-06 23:22:21,668 | INFO  | Eureka-EvictionTimer:c.n.e.r.AbstractInstanceRegistry:1250 | Running the evict task with compensationTime 0ms
2020-05-06 23:23:21,669 | INFO  | Eureka-EvictionTimer:c.n.e.r.AbstractInstanceRegistry:1250 | Running the evict task with compensationTime 1ms
2020-05-06 23:24:19,075 | INFO  | ReplicaAwareInstanceRegistry - RenewalThresholdUpdater:c.n.e.r.PeerAwareInstanceRegistryImpl:539 | Current renewal threshold is : 6
2020-05-06 23:24:21,669 | INFO  | Eureka-EvictionTimer:c.n.e.r.AbstractInstanceRegistry:1250 | Running the evict task with compensationTime 0ms
2020-05-06 23:25:21,670 | INFO  | Eureka-EvictionTimer:c.n.e.r.AbstractInstanceRegistry:1250 | Running the evict task with compensationTime 1ms
2020-05-06 23:26:21,671 | INFO  | Eureka-EvictionTimer:c.n.e.r.AbstractInstanceRegistry:1250 | Running the evict task with compensationTime 0ms
2020-05-06 23:27:21,671 | INFO  | Eureka-EvictionTimer:c.n.e.r.AbstractInstanceRegistry:1250 | Running the evict task with compensationTime 0ms
2020-05-06 23:28:21,672 | INFO  | Eureka-EvictionTimer:c.n.e.r.AbstractInstanceRegistry:1250 | Running the evict task with compensationTime 0ms
2020-05-06 23:29:21,673 | INFO  | Eureka-EvictionTimer:c.n.e.r.AbstractInstanceRegistry:1250 | Running the evict task with compensationTime 1ms
2020-05-06 23:30:21,674 | INFO  | Eureka-EvictionTimer:c.n.e.r.AbstractInstanceRegistry:1250 | Running the evict task with compensationTime 1ms
2020-05-06 23:31:21,675 | INFO  | Eureka-EvictionTimer:c.n.e.r.AbstractInstanceRegistry:1250 | Running the evict task with compensationTime 0ms
2020-05-06 23:32:21,675 | INFO  | Eureka-EvictionTimer:c.n.e.r.AbstractInstanceRegistry:1250 | Running the evict task with compensationTime 0ms
2020-05-06 23:33:21,676 | INFO  | Eureka-EvictionTimer:c.n.e.r.AbstractInstanceRegistry:1250 | Running the evict task with compensationTime 0ms
2020-05-06 23:34:21,676 | INFO  | Eureka-EvictionTimer:c.n.e.r.AbstractInstanceRegistry:1250 | Running the evict task with compensationTime 0ms
2020-05-06 23:35:21,677 | INFO  | Eureka-EvictionTimer:c.n.e.r.AbstractInstanceRegistry:1250 | Running the evict task with compensationTime 0ms
2020-05-06 23:36:21,678 | INFO  | Eureka-EvictionTimer:c.n.e.r.AbstractInstanceRegistry:1250 | Running the evict task with compensationTime 0ms
2020-05-06 23:37:21,678 | INFO  | Eureka-EvictionTimer:c.n.e.r.AbstractInstanceRegistry:1250 | Running the evict task with compensationTime 0ms
2020-05-06 23:38:21,678 | INFO  | Eureka-EvictionTimer:c.n.e.r.AbstractInstanceRegistry:1250 | Running the evict task with compensationTime 0ms
2020-05-06 23:39:19,075 | INFO  | ReplicaAwareInstanceRegistry - RenewalThresholdUpdater:c.n.e.r.PeerAwareInstanceRegistryImpl:539 | Current renewal threshold is : 6
2020-05-06 23:39:21,679 | INFO  | Eureka-EvictionTimer:c.n.e.r.AbstractInstanceRegistry:1250 | Running the evict task with compensationTime 0ms
2020-05-06 23:40:21,679 | INFO  | Eureka-EvictionTimer:c.n.e.r.AbstractInstanceRegistry:1250 | Running the evict task with compensationTime 0ms
2020-05-06 23:41:21,680 | INFO  | Eureka-EvictionTimer:c.n.e.r.AbstractInstanceRegistry:1250 | Running the evict task with compensationTime 1ms
2020-05-06 23:42:21,680 | INFO  | Eureka-EvictionTimer:c.n.e.r.AbstractInstanceRegistry:1250 | Running the evict task with compensationTime 0ms
2020-05-06 23:43:21,681 | INFO  | Eureka-EvictionTimer:c.n.e.r.AbstractInstanceRegistry:1250 | Running the evict task with compensationTime 0ms
2020-05-06 23:44:21,682 | INFO  | Eureka-EvictionTimer:c.n.e.r.AbstractInstanceRegistry:1250 | Running the evict task with compensationTime 0ms
2020-05-06 23:45:21,683 | INFO  | Eureka-EvictionTimer:c.n.e.r.AbstractInstanceRegistry:1250 | Running the evict task with compensationTime 1ms
2020-05-06 23:46:21,683 | INFO  | Eureka-EvictionTimer:c.n.e.r.AbstractInstanceRegistry:1250 | Running the evict task with compensationTime 0ms
2020-05-06 23:47:21,685 | INFO  | Eureka-EvictionTimer:c.n.e.r.AbstractInstanceRegistry:1250 | Running the evict task with compensationTime 1ms
2020-05-06 23:48:21,686 | INFO  | Eureka-EvictionTimer:c.n.e.r.AbstractInstanceRegistry:1250 | Running the evict task with compensationTime 1ms
2020-05-06 23:49:21,686 | INFO  | Eureka-EvictionTimer:c.n.e.r.AbstractInstanceRegistry:1250 | Running the evict task with compensationTime 0ms
2020-05-06 23:50:21,687 | INFO  | Eureka-EvictionTimer:c.n.e.r.AbstractInstanceRegistry:1250 | Running the evict task with compensationTime 0ms
2020-05-06 23:51:21,687 | INFO  | Eureka-EvictionTimer:c.n.e.r.AbstractInstanceRegistry:1250 | Running the evict task with compensationTime 0ms
2020-05-06 23:52:21,688 | INFO  | Eureka-EvictionTimer:c.n.e.r.AbstractInstanceRegistry:1250 | Running the evict task with compensationTime 0ms
2020-05-06 23:53:21,689 | INFO  | Eureka-EvictionTimer:c.n.e.r.AbstractInstanceRegistry:1250 | Running the evict task with compensationTime 0ms
2020-05-06 23:54:19,076 | INFO  | ReplicaAwareInstanceRegistry - RenewalThresholdUpdater:c.n.e.r.PeerAwareInstanceRegistryImpl:539 | Current renewal threshold is : 6
2020-05-06 23:54:21,689 | INFO  | Eureka-EvictionTimer:c.n.e.r.AbstractInstanceRegistry:1250 | Running the evict task with compensationTime 0ms
2020-05-06 23:55:21,690 | INFO  | Eureka-EvictionTimer:c.n.e.r.AbstractInstanceRegistry:1250 | Running the evict task with compensationTime 0ms
2020-05-06 23:56:21,690 | INFO  | Eureka-EvictionTimer:c.n.e.r.AbstractInstanceRegistry:1250 | Running the evict task with compensationTime 0ms
2020-05-06 23:57:21,691 | INFO  | Eureka-EvictionTimer:c.n.e.r.AbstractInstanceRegistry:1250 | Running the evict task with compensationTime 0ms
2020-05-06 23:58:21,692 | INFO  | Eureka-EvictionTimer:c.n.e.r.AbstractInstanceRegistry:1250 | Running the evict task with compensationTime 0ms
2020-05-06 23:59:21,692 | INFO  | Eureka-EvictionTimer:c.n.e.r.AbstractInstanceRegistry:1250 | Running the evict task with compensationTime 0ms
