2020-05-08 09:59:34,765 | INFO  | restartedMain:o.s.b.d.e.DevToolsPropertyDefaultsPostProcessor:227 | Devtools property defaults active! Set 'spring.devtools.add-properties' to 'false' to disable
2020-05-08 09:59:35,608 | INFO  | restartedMain:o.s.c.s.PostProcessorRegistrationDelegate$BeanPostProcessorChecker:330 | Bean 'org.springframework.cloud.autoconfigure.ConfigurationPropertiesRebinderAutoConfiguration' of type [org.springframework.cloud.autoconfigure.ConfigurationPropertiesRebinderAutoConfiguration$$EnhancerBySpringCGLIB$$dfa9a50a] is not eligible for getting processed by all BeanPostProcessors (for example: not eligible for auto-proxying)
2020-05-08 09:59:39,725 | INFO  | restartedMain:o.s.c.c.u.InetUtils:170 | Cannot determine local hostname
2020-05-08 09:59:39,748 | INFO  | restartedMain:o.s.c.n.e.InstanceInfoFactory:72 | Setting initial instance status as: STARTING
2020-05-08 09:59:39,867 | INFO  | restartedMain:c.n.d.DiscoveryClient:349 | Initializing Eureka in region us-east-1
2020-05-08 09:59:42,021 | INFO  | restartedMain:c.n.d.p.DiscoveryJerseyProvider:70 | Using JSON encoding codec LegacyJacksonJson
2020-05-08 09:59:42,022 | INFO  | restartedMain:c.n.d.p.DiscoveryJerseyProvider:71 | Using JSON decoding codec LegacyJacksonJson
2020-05-08 09:59:42,258 | INFO  | restartedMain:c.n.d.p.DiscoveryJerseyProvider:80 | Using XML encoding codec XStreamXml
2020-05-08 09:59:42,258 | INFO  | restartedMain:c.n.d.p.DiscoveryJerseyProvider:81 | Using XML decoding codec XStreamXml
2020-05-08 09:59:42,663 | INFO  | restartedMain:c.n.d.s.r.a.ConfigClusterResolver:43 | Resolving eureka endpoints via configuration
2020-05-08 09:59:44,051 | INFO  | restartedMain:c.n.d.DiscoveryClient:958 | Disable delta property : false
2020-05-08 09:59:44,052 | INFO  | restartedMain:c.n.d.DiscoveryClient:959 | Single vip registry refresh property : null
2020-05-08 09:59:44,053 | INFO  | restartedMain:c.n.d.DiscoveryClient:960 | Force full registry fetch : false
2020-05-08 09:59:44,054 | INFO  | restartedMain:c.n.d.DiscoveryClient:961 | Application is null : false
2020-05-08 09:59:44,055 | INFO  | restartedMain:c.n.d.DiscoveryClient:962 | Registered Applications size is zero : true
2020-05-08 09:59:44,055 | INFO  | restartedMain:c.n.d.DiscoveryClient:964 | Application version is -1: true
2020-05-08 09:59:44,056 | INFO  | restartedMain:c.n.d.DiscoveryClient:1047 | Getting all instance registry info from the eureka server
2020-05-08 09:59:44,390 | INFO  | restartedMain:c.n.d.DiscoveryClient:1056 | The response status is 200
2020-05-08 09:59:44,396 | INFO  | restartedMain:c.n.d.DiscoveryClient:1317 | Not registering with Eureka server per configuration
2020-05-08 09:59:44,405 | INFO  | restartedMain:c.n.d.DiscoveryClient:449 | Discovery Client initialized at timestamp 1588903184403 with initial instances count: 1
2020-05-08 09:59:48,719 | INFO  | restartedMain:o.s.c.c.c.ConfigServicePropertySourceLocator:207 | Fetching config from server at : http://192.168.1.1:1001/
2020-05-08 09:59:54,324 | INFO  | restartedMain:o.s.c.c.c.ConfigServicePropertySourceLocator:151 | Located environment: name=gateway, profiles=[dev], label=null, version=null, state=null
2020-05-08 09:59:54,325 | INFO  | restartedMain:o.s.c.b.c.PropertySourceBootstrapConfiguration:101 | Located property source: CompositePropertySource {name='configService', propertySources=[MapPropertySource {name='classpath:/config/gateway-dev.yml'}]}
2020-05-08 09:59:54,334 | INFO  | restartedMain:c.b.g.GatewayApplication:679 | The following profiles are active: dev
2020-05-08 09:59:58,791 | INFO  | restartedMain:o.s.c.c.s.GenericScope:295 | BeanFactory id=b083a89e-6fba-3b86-a0f7-28989e8ad185
2020-05-08 09:59:58,932 | INFO  | restartedMain:o.s.c.s.PostProcessorRegistrationDelegate$BeanPostProcessorChecker:330 | Bean 'org.springframework.cloud.autoconfigure.ConfigurationPropertiesRebinderAutoConfiguration' of type [org.springframework.cloud.autoconfigure.ConfigurationPropertiesRebinderAutoConfiguration$$EnhancerBySpringCGLIB$$dfa9a50a] is not eligible for getting processed by all BeanPostProcessors (for example: not eligible for auto-proxying)
2020-05-08 09:59:59,395 | INFO  | restartedMain:c.n.c.s.URLConfigurationSource:122 | To enable URLs as dynamic configuration sources, define System property archaius.configurationSource.additionalUrls or make config.properties available on classpath.
2020-05-08 09:59:59,413 | INFO  | restartedMain:c.n.c.s.URLConfigurationSource:122 | To enable URLs as dynamic configuration sources, define System property archaius.configurationSource.additionalUrls or make config.properties available on classpath.
2020-05-08 10:00:09,297 | INFO  | restartedMain:o.s.c.c.u.InetUtils:170 | Cannot determine local hostname
2020-05-08 10:00:16,610 | INFO  | restartedMain:o.s.c.c.u.InetUtils:170 | Cannot determine local hostname
2020-05-08 10:00:21,415 | INFO  | restartedMain:o.s.c.g.r.RouteDefinitionRouteLocator:120 | Loaded RoutePredicateFactory [After]
2020-05-08 10:00:21,416 | INFO  | restartedMain:o.s.c.g.r.RouteDefinitionRouteLocator:120 | Loaded RoutePredicateFactory [Before]
2020-05-08 10:00:21,417 | INFO  | restartedMain:o.s.c.g.r.RouteDefinitionRouteLocator:120 | Loaded RoutePredicateFactory [Between]
2020-05-08 10:00:21,419 | INFO  | restartedMain:o.s.c.g.r.RouteDefinitionRouteLocator:120 | Loaded RoutePredicateFactory [Cookie]
2020-05-08 10:00:21,420 | INFO  | restartedMain:o.s.c.g.r.RouteDefinitionRouteLocator:120 | Loaded RoutePredicateFactory [Header]
2020-05-08 10:00:21,421 | INFO  | restartedMain:o.s.c.g.r.RouteDefinitionRouteLocator:120 | Loaded RoutePredicateFactory [Host]
2020-05-08 10:00:21,422 | INFO  | restartedMain:o.s.c.g.r.RouteDefinitionRouteLocator:120 | Loaded RoutePredicateFactory [Method]
2020-05-08 10:00:21,458 | INFO  | restartedMain:o.s.c.g.r.RouteDefinitionRouteLocator:120 | Loaded RoutePredicateFactory [Path]
2020-05-08 10:00:21,469 | INFO  | restartedMain:o.s.c.g.r.RouteDefinitionRouteLocator:120 | Loaded RoutePredicateFactory [Query]
2020-05-08 10:00:21,473 | INFO  | restartedMain:o.s.c.g.r.RouteDefinitionRouteLocator:120 | Loaded RoutePredicateFactory [ReadBodyPredicateFactory]
2020-05-08 10:00:21,474 | INFO  | restartedMain:o.s.c.g.r.RouteDefinitionRouteLocator:120 | Loaded RoutePredicateFactory [RemoteAddr]
2020-05-08 10:00:21,474 | INFO  | restartedMain:o.s.c.g.r.RouteDefinitionRouteLocator:120 | Loaded RoutePredicateFactory [Weight]
2020-05-08 10:00:21,475 | INFO  | restartedMain:o.s.c.g.r.RouteDefinitionRouteLocator:120 | Loaded RoutePredicateFactory [CloudFoundryRouteService]
2020-05-08 10:00:23,380 | INFO  | restartedMain:o.s.b.a.e.w.EndpointLinksResolver:59 | Exposing 2 endpoint(s) beneath base path '/actuator'
2020-05-08 10:00:24,694 | INFO  | restartedMain:c.n.d.DiscoveryClient:888 | Shutting down DiscoveryClient ...
2020-05-08 10:00:24,729 | INFO  | restartedMain:c.n.d.DiscoveryClient:911 | Completed shut down of DiscoveryClient
2020-05-08 10:00:24,926 | INFO  | restartedMain:o.s.c.n.e.InstanceInfoFactory:72 | Setting initial instance status as: STARTING
2020-05-08 10:00:24,934 | INFO  | restartedMain:c.n.d.DiscoveryClient:349 | Initializing Eureka in region us-east-1
2020-05-08 10:00:24,940 | INFO  | restartedMain:c.n.d.p.DiscoveryJerseyProvider:70 | Using JSON encoding codec LegacyJacksonJson
2020-05-08 10:00:24,941 | INFO  | restartedMain:c.n.d.p.DiscoveryJerseyProvider:71 | Using JSON decoding codec LegacyJacksonJson
2020-05-08 10:00:24,942 | INFO  | restartedMain:c.n.d.p.DiscoveryJerseyProvider:80 | Using XML encoding codec XStreamXml
2020-05-08 10:00:24,942 | INFO  | restartedMain:c.n.d.p.DiscoveryJerseyProvider:81 | Using XML decoding codec XStreamXml
2020-05-08 10:00:25,068 | INFO  | restartedMain:c.n.d.s.r.a.ConfigClusterResolver:43 | Resolving eureka endpoints via configuration
2020-05-08 10:00:25,070 | INFO  | restartedMain:c.n.d.DiscoveryClient:958 | Disable delta property : false
2020-05-08 10:00:25,070 | INFO  | restartedMain:c.n.d.DiscoveryClient:959 | Single vip registry refresh property : null
2020-05-08 10:00:25,071 | INFO  | restartedMain:c.n.d.DiscoveryClient:960 | Force full registry fetch : false
2020-05-08 10:00:25,072 | INFO  | restartedMain:c.n.d.DiscoveryClient:961 | Application is null : false
2020-05-08 10:00:25,073 | INFO  | restartedMain:c.n.d.DiscoveryClient:962 | Registered Applications size is zero : true
2020-05-08 10:00:25,074 | INFO  | restartedMain:c.n.d.DiscoveryClient:964 | Application version is -1: true
2020-05-08 10:00:25,074 | INFO  | restartedMain:c.n.d.DiscoveryClient:1047 | Getting all instance registry info from the eureka server
2020-05-08 10:00:25,082 | INFO  | restartedMain:c.n.d.DiscoveryClient:1056 | The response status is 200
2020-05-08 10:00:25,083 | INFO  | restartedMain:c.n.d.DiscoveryClient:1270 | Starting heartbeat executor: renew interval is: 30
2020-05-08 10:00:25,087 | INFO  | restartedMain:c.n.d.InstanceInfoReplicator:60 | InstanceInfoReplicator onDemand update allowed rate per min is 4
2020-05-08 10:00:25,090 | INFO  | restartedMain:c.n.d.DiscoveryClient:449 | Discovery Client initialized at timestamp 1588903225090 with initial instances count: 1
2020-05-08 10:00:25,092 | INFO  | restartedMain:o.s.c.n.e.s.EurekaServiceRegistry:41 | Registering application GATEWAY with eureka with status UP
2020-05-08 10:00:25,093 | INFO  | restartedMain:c.n.d.DiscoveryClient:1305 | Saw local status change event StatusChangeEvent [timestamp=1588903225093, current=UP, previous=STARTING]
2020-05-08 10:00:25,096 | INFO  | DiscoveryClient-InstanceInfoReplicator-0:c.n.d.DiscoveryClient:826 | DiscoveryClient_GATEWAY/localhost:gateway:1002: registering service...
2020-05-08 10:00:25,160 | INFO  | DiscoveryClient-InstanceInfoReplicator-0:c.n.d.DiscoveryClient:835 | DiscoveryClient_GATEWAY/localhost:gateway:1002 - registration status: 204
2020-05-08 10:00:29,906 | INFO  | restartedMain:o.s.b.w.e.n.NettyWebServer:77 | Netty started on port(s): 1002
2020-05-08 10:00:29,909 | INFO  | restartedMain:o.s.c.n.e.s.EurekaAutoServiceRegistration:143 | Updating port to 1002
2020-05-08 10:00:29,913 | INFO  | restartedMain:c.b.g.GatewayApplication:59 | Started GatewayApplication in 60.579 seconds (JVM running for 68.362)
2020-05-08 10:00:33,554 | INFO  | RMI TCP Connection(7)-192.168.1.1:o.s.c.c.c.ConfigServicePropertySourceLocator:207 | Fetching config from server at : http://192.168.1.1:1001/
2020-05-08 10:00:38,475 | INFO  | RMI TCP Connection(7)-192.168.1.1:o.s.c.c.c.ConfigServicePropertySourceLocator:151 | Located environment: name=gateway, profiles=[dev], label=null, version=null, state=null
2020-05-08 10:00:50,402 | INFO  | reactor-http-nio-4:c.n.c.ChainedDynamicProperty:115 | Flipping property: thymeleaf.ribbon.ActiveConnectionsLimit to use NEXT property: niws.loadbalancer.availabilityFilteringRule.activeConnectionsLimit = 2147483647
2020-05-08 10:00:50,669 | INFO  | reactor-http-nio-4:c.n.u.c.ShutdownEnabledTimer:58 | Shutdown hook installed for: NFLoadBalancer-PingTimer-thymeleaf
2020-05-08 10:00:50,672 | INFO  | reactor-http-nio-4:c.n.l.BaseLoadBalancer:197 | Client: thymeleaf instantiated a LoadBalancer: DynamicServerListLoadBalancer:{NFLoadBalancer:name=thymeleaf,current list of Servers=[],Load balancer stats=Zone stats: {},Server stats: []}ServerList:null
2020-05-08 10:00:50,767 | INFO  | reactor-http-nio-4:c.n.l.DynamicServerListLoadBalancer:222 | Using serverListUpdater PollingServerListUpdater
2020-05-08 10:00:50,775 | INFO  | reactor-http-nio-4:c.n.l.DynamicServerListLoadBalancer:150 | DynamicServerListLoadBalancer for client thymeleaf initialized: DynamicServerListLoadBalancer:{NFLoadBalancer:name=thymeleaf,current list of Servers=[],Load balancer stats=Zone stats: {},Server stats: []}ServerList:org.springframework.cloud.netflix.ribbon.eureka.DomainExtractingServerList@109a9ace
2020-05-08 10:02:21,924 | INFO  | PollingServerListUpdater-1:c.n.c.ChainedDynamicProperty:115 | Flipping property: thymeleaf.ribbon.ActiveConnectionsLimit to use NEXT property: niws.loadbalancer.availabilityFilteringRule.activeConnectionsLimit = 2147483647
