2020-05-08 10:00:17,874 | INFO  | restartedMain:o.s.b.d.e.DevToolsPropertyDefaultsPostProcessor:227 | Devtools property defaults active! Set 'spring.devtools.add-properties' to 'false' to disable
2020-05-08 10:00:19,756 | INFO  | restartedMain:o.s.c.s.PostProcessorRegistrationDelegate$BeanPostProcessorChecker:330 | Bean 'org.springframework.cloud.autoconfigure.ConfigurationPropertiesRebinderAutoConfiguration' of type [org.springframework.cloud.autoconfigure.ConfigurationPropertiesRebinderAutoConfiguration$$EnhancerBySpringCGLIB$$1e7f357] is not eligible for getting processed by all BeanPostProcessors (for example: not eligible for auto-proxying)
2020-05-08 10:00:25,846 | INFO  | restartedMain:o.s.c.c.u.InetUtils:170 | Cannot determine local hostname
2020-05-08 10:00:25,905 | INFO  | restartedMain:o.s.c.n.e.InstanceInfoFactory:72 | Setting initial instance status as: STARTING
2020-05-08 10:00:26,091 | INFO  | restartedMain:c.n.d.DiscoveryClient:349 | Initializing Eureka in region us-east-1
2020-05-08 10:00:30,919 | INFO  | restartedMain:c.n.d.p.DiscoveryJerseyProvider:70 | Using JSON encoding codec LegacyJacksonJson
2020-05-08 10:00:30,920 | INFO  | restartedMain:c.n.d.p.DiscoveryJerseyProvider:71 | Using JSON decoding codec LegacyJacksonJson
2020-05-08 10:00:31,778 | INFO  | restartedMain:c.n.d.p.DiscoveryJerseyProvider:80 | Using XML encoding codec XStreamXml
2020-05-08 10:00:31,779 | INFO  | restartedMain:c.n.d.p.DiscoveryJerseyProvider:81 | Using XML decoding codec XStreamXml
2020-05-08 10:00:32,836 | INFO  | restartedMain:c.n.d.s.r.a.ConfigClusterResolver:43 | Resolving eureka endpoints via configuration
2020-05-08 10:00:34,889 | INFO  | restartedMain:c.n.d.DiscoveryClient:958 | Disable delta property : false
2020-05-08 10:00:34,889 | INFO  | restartedMain:c.n.d.DiscoveryClient:959 | Single vip registry refresh property : null
2020-05-08 10:00:34,890 | INFO  | restartedMain:c.n.d.DiscoveryClient:960 | Force full registry fetch : false
2020-05-08 10:00:34,891 | INFO  | restartedMain:c.n.d.DiscoveryClient:961 | Application is null : false
2020-05-08 10:00:34,892 | INFO  | restartedMain:c.n.d.DiscoveryClient:962 | Registered Applications size is zero : true
2020-05-08 10:00:34,893 | INFO  | restartedMain:c.n.d.DiscoveryClient:964 | Application version is -1: true
2020-05-08 10:00:34,893 | INFO  | restartedMain:c.n.d.DiscoveryClient:1047 | Getting all instance registry info from the eureka server
2020-05-08 10:00:35,515 | INFO  | restartedMain:c.n.d.DiscoveryClient:1056 | The response status is 200
2020-05-08 10:00:35,573 | INFO  | restartedMain:c.n.d.DiscoveryClient:1317 | Not registering with Eureka server per configuration
2020-05-08 10:00:35,603 | INFO  | restartedMain:c.n.d.DiscoveryClient:449 | Discovery Client initialized at timestamp 1588903235585 with initial instances count: 2
2020-05-08 10:00:41,135 | INFO  | restartedMain:o.s.c.c.c.ConfigServicePropertySourceLocator:207 | Fetching config from server at : http://192.168.1.1:1001/
2020-05-08 10:00:47,759 | INFO  | restartedMain:o.s.c.c.c.ConfigServicePropertySourceLocator:151 | Located environment: name=thymeleaf, profiles=[dev], label=null, version=null, state=null
2020-05-08 10:00:47,760 | INFO  | restartedMain:o.s.c.b.c.PropertySourceBootstrapConfiguration:101 | Located property source: CompositePropertySource {name='configService', propertySources=[]}
2020-05-08 10:00:47,767 | INFO  | restartedMain:c.b.t.ThymeleafApplication:679 | The following profiles are active: dev
2020-05-08 10:00:55,536 | INFO  | restartedMain:o.s.c.c.s.GenericScope:295 | BeanFactory id=98e641da-8622-3fe0-9352-f055965e10ff
2020-05-08 10:00:55,943 | INFO  | restartedMain:o.s.c.s.PostProcessorRegistrationDelegate$BeanPostProcessorChecker:330 | Bean 'org.springframework.cloud.autoconfigure.ConfigurationPropertiesRebinderAutoConfiguration' of type [org.springframework.cloud.autoconfigure.ConfigurationPropertiesRebinderAutoConfiguration$$EnhancerBySpringCGLIB$$1e7f357] is not eligible for getting processed by all BeanPostProcessors (for example: not eligible for auto-proxying)
2020-05-08 10:01:03,882 | INFO  | restartedMain:o.s.b.w.e.t.TomcatWebServer:90 | Tomcat initialized with port(s): 1009 (http)
2020-05-08 10:01:04,132 | INFO  | restartedMain:o.a.c.h.Http11NioProtocol:173 | Initializing ProtocolHandler ["http-nio-1009"]
2020-05-08 10:01:04,297 | INFO  | restartedMain:o.a.c.c.StandardService:173 | Starting service [Tomcat]
2020-05-08 10:01:04,298 | INFO  | restartedMain:o.a.c.c.StandardEngine:173 | Starting Servlet engine: [Apache Tomcat/9.0.16]
2020-05-08 10:01:04,387 | INFO  | restartedMain:o.a.c.c.AprLifecycleListener:173 | The APR based Apache Tomcat Native library which allows optimal performance in production environments was not found on the java.library.path: [D:\java1.8\jdk\jre\bin;C:\WINDOWS\Sun\Java\bin;C:\WINDOWS\system32;C:\WINDOWS;C:\ProgramData\Oracle\Java\javapath;C:\WINDOWS\system32;C:\WINDOWS;C:\WINDOWS\System32\Wbem;C:\WINDOWS\System32\WindowsPowerShell\v1.0\;"D:\java1.8\jdk\bin;";C:\WINDOWS\System32\OpenSSH\;D:\MySQL\MySQL5.5\bin;D:\mysql5.7.21\bin;D:\Git\cmd;D:\MySQL 5.5\bin;D:\sqoop-1.4.7\bin;C:\Program Files\VanDyke Software\Clients\;D:\TortoiseSVN\bin;D:\nodejs;D:\nodejs\node_global;D:\apache-maven-3.5.0\bin;C:\MinGW\bin;D:\Redis\;D:\Erlang\bin;C:\Users\mark\AppData\Local\Microsoft\WindowsApps;D:\Microsoft VS Code\bin;C:\Users\mark\AppData\Local\BypassRuntm;C:\Users\mark\AppData\Local\Microsoft\WindowsApps;C:\Users\mark\AppData\Local\GitHubDesktop\bin;D:\bandizip\;.]
2020-05-08 10:01:05,979 | INFO  | restartedMain:o.a.c.c.C.[.[.[/]:173 | Initializing Spring embedded WebApplicationContext
2020-05-08 10:01:05,981 | INFO  | restartedMain:o.s.w.c.ContextLoader:296 | Root WebApplicationContext: initialization completed in 18091 ms
2020-05-08 10:01:06,755 | INFO  | restartedMain:c.n.c.s.URLConfigurationSource:122 | To enable URLs as dynamic configuration sources, define System property archaius.configurationSource.additionalUrls or make config.properties available on classpath.
2020-05-08 10:01:06,814 | INFO  | restartedMain:c.n.c.DynamicPropertyFactory:281 | DynamicPropertyFactory is initialized with configuration sources: com.netflix.config.ConcurrentCompositeConfiguration@21a75581
2020-05-08 10:01:08,168 | INFO  | restartedMain:c.n.c.s.URLConfigurationSource:122 | To enable URLs as dynamic configuration sources, define System property archaius.configurationSource.additionalUrls or make config.properties available on classpath.
2020-05-08 10:01:08,668 | INFO  | restartedMain:o.s.s.c.ThreadPoolTaskExecutor:171 | Initializing ExecutorService 'applicationTaskExecutor'
2020-05-08 10:01:09,150 | INFO  | restartedMain:o.s.b.a.w.s.WelcomePageHandlerMapping:61 | Adding welcome page template: index
2020-05-08 10:01:16,793 | INFO  | restartedMain:o.s.c.c.u.InetUtils:170 | Cannot determine local hostname
2020-05-08 10:01:21,142 | INFO  | restartedMain:o.s.c.c.u.InetUtils:170 | Cannot determine local hostname
2020-05-08 10:01:21,245 | INFO  | restartedMain:c.n.d.DiscoveryClient:888 | Shutting down DiscoveryClient ...
2020-05-08 10:01:21,332 | INFO  | restartedMain:c.n.d.DiscoveryClient:911 | Completed shut down of DiscoveryClient
2020-05-08 10:01:21,345 | INFO  | restartedMain:o.s.b.a.e.w.EndpointLinksResolver:59 | Exposing 2 endpoint(s) beneath base path '/actuator'
2020-05-08 10:01:21,666 | INFO  | restartedMain:o.s.c.n.e.InstanceInfoFactory:72 | Setting initial instance status as: STARTING
2020-05-08 10:01:21,676 | INFO  | restartedMain:c.n.d.DiscoveryClient:349 | Initializing Eureka in region us-east-1
2020-05-08 10:01:21,812 | INFO  | restartedMain:c.n.d.p.DiscoveryJerseyProvider:70 | Using JSON encoding codec LegacyJacksonJson
2020-05-08 10:01:21,814 | INFO  | restartedMain:c.n.d.p.DiscoveryJerseyProvider:71 | Using JSON decoding codec LegacyJacksonJson
2020-05-08 10:01:21,815 | INFO  | restartedMain:c.n.d.p.DiscoveryJerseyProvider:80 | Using XML encoding codec XStreamXml
2020-05-08 10:01:21,817 | INFO  | restartedMain:c.n.d.p.DiscoveryJerseyProvider:81 | Using XML decoding codec XStreamXml
2020-05-08 10:01:21,984 | INFO  | restartedMain:c.n.d.s.r.a.ConfigClusterResolver:43 | Resolving eureka endpoints via configuration
2020-05-08 10:01:21,987 | INFO  | restartedMain:c.n.d.DiscoveryClient:958 | Disable delta property : false
2020-05-08 10:01:21,988 | INFO  | restartedMain:c.n.d.DiscoveryClient:959 | Single vip registry refresh property : null
2020-05-08 10:01:21,988 | INFO  | restartedMain:c.n.d.DiscoveryClient:960 | Force full registry fetch : false
2020-05-08 10:01:21,989 | INFO  | restartedMain:c.n.d.DiscoveryClient:961 | Application is null : false
2020-05-08 10:01:21,989 | INFO  | restartedMain:c.n.d.DiscoveryClient:962 | Registered Applications size is zero : true
2020-05-08 10:01:21,990 | INFO  | restartedMain:c.n.d.DiscoveryClient:964 | Application version is -1: true
2020-05-08 10:01:21,990 | INFO  | restartedMain:c.n.d.DiscoveryClient:1047 | Getting all instance registry info from the eureka server
2020-05-08 10:01:21,998 | INFO  | restartedMain:c.n.d.DiscoveryClient:1056 | The response status is 200
2020-05-08 10:01:22,000 | INFO  | restartedMain:c.n.d.DiscoveryClient:1270 | Starting heartbeat executor: renew interval is: 30
2020-05-08 10:01:22,004 | INFO  | restartedMain:c.n.d.InstanceInfoReplicator:60 | InstanceInfoReplicator onDemand update allowed rate per min is 4
2020-05-08 10:01:22,008 | INFO  | restartedMain:c.n.d.DiscoveryClient:449 | Discovery Client initialized at timestamp 1588903282008 with initial instances count: 2
2020-05-08 10:01:22,010 | INFO  | restartedMain:o.s.c.n.e.s.EurekaServiceRegistry:41 | Registering application THYMELEAF with eureka with status UP
2020-05-08 10:01:22,013 | INFO  | restartedMain:c.n.d.DiscoveryClient:1305 | Saw local status change event StatusChangeEvent [timestamp=1588903282013, current=UP, previous=STARTING]
2020-05-08 10:01:22,021 | INFO  | DiscoveryClient-InstanceInfoReplicator-0:c.n.d.DiscoveryClient:826 | DiscoveryClient_THYMELEAF/localhost:thymeleaf:1009: registering service...
2020-05-08 10:01:22,094 | INFO  | restartedMain:o.a.c.h.Http11NioProtocol:173 | Starting ProtocolHandler ["http-nio-1009"]
2020-05-08 10:01:22,096 | INFO  | DiscoveryClient-InstanceInfoReplicator-0:c.n.d.DiscoveryClient:835 | DiscoveryClient_THYMELEAF/localhost:thymeleaf:1009 - registration status: 204
2020-05-08 10:01:23,256 | INFO  | restartedMain:o.s.b.w.e.t.TomcatWebServer:204 | Tomcat started on port(s): 1009 (http) with context path ''
2020-05-08 10:01:23,258 | INFO  | restartedMain:o.s.c.n.e.s.EurekaAutoServiceRegistration:143 | Updating port to 1009
2020-05-08 10:01:23,262 | INFO  | restartedMain:c.b.t.ThymeleafApplication:59 | Started ThymeleafApplication in 72.681 seconds (JVM running for 83.02)
2020-05-08 10:01:25,788 | INFO  | RMI TCP Connection(14)-192.168.1.1:o.s.c.c.c.ConfigServicePropertySourceLocator:207 | Fetching config from server at : http://192.168.1.1:1001/
2020-05-08 10:01:25,805 | INFO  | RMI TCP Connection(15)-192.168.1.1:o.a.c.c.C.[.[.[/]:173 | Initializing Spring DispatcherServlet 'dispatcherServlet'
2020-05-08 10:01:25,806 | INFO  | RMI TCP Connection(15)-192.168.1.1:o.s.w.s.DispatcherServlet:524 | Initializing Servlet 'dispatcherServlet'
2020-05-08 10:01:25,830 | INFO  | RMI TCP Connection(15)-192.168.1.1:o.s.w.s.DispatcherServlet:546 | Completed initialization in 24 ms
2020-05-08 10:01:31,649 | INFO  | RMI TCP Connection(14)-192.168.1.1:o.s.c.c.c.ConfigServicePropertySourceLocator:151 | Located environment: name=thymeleaf, profiles=[dev], label=null, version=null, state=null
