2020-05-06 08:42:21 | ERROR | restartedMain:o.s.b.d.LoggingFailureAnalysisReporter:42 | 

***************************
APPLICATION FAILED TO START
***************************

Description:

Field jdbcTemplate in com.baidu.thymeleaf.controller.DataController required a bean of type 'org.springframework.jdbc.core.JdbcTemplate' that could not be found.

The injection point has the following annotations:
	- @org.springframework.beans.factory.annotation.Autowired(required=true)


Action:

Consider defining a bean of type 'org.springframework.jdbc.core.JdbcTemplate' in your configuration.

2020-05-06 08:44:15 | ERROR | restartedMain:o.s.b.d.LoggingFailureAnalysisReporter:42 | 

***************************
APPLICATION FAILED TO START
***************************

Description:

Field jdbcTemplate in com.baidu.thymeleaf.controller.DataController required a bean of type 'org.springframework.jdbc.core.JdbcTemplate' that could not be found.

The injection point has the following annotations:
	- @org.springframework.beans.factory.annotation.Autowired(required=true)


Action:

Consider defining a bean of type 'org.springframework.jdbc.core.JdbcTemplate' in your configuration.

2020-05-06 08:52:16 | ERROR | restartedMain:o.s.b.d.LoggingFailureAnalysisReporter:42 | 

***************************
APPLICATION FAILED TO START
***************************

Description:

Field jdbcTemplate in com.baidu.thymeleaf.controller.DataController required a bean of type 'org.springframework.jdbc.core.JdbcTemplate' that could not be found.

The injection point has the following annotations:
	- @org.springframework.beans.factory.annotation.Autowired(required=true)


Action:

Consider defining a bean of type 'org.springframework.jdbc.core.JdbcTemplate' in your configuration.

2020-05-06 08:55:30 | ERROR | restartedMain:o.s.b.d.LoggingFailureAnalysisReporter:42 | 

***************************
APPLICATION FAILED TO START
***************************

Description:

Field jdbcTemplate in com.baidu.thymeleaf.controller.DataController required a bean of type 'org.springframework.jdbc.core.JdbcTemplate' that could not be found.

The injection point has the following annotations:
	- @org.springframework.beans.factory.annotation.Autowired(required=true)


Action:

Consider defining a bean of type 'org.springframework.jdbc.core.JdbcTemplate' in your configuration.

2020-05-06 08:56:38 | ERROR | restartedMain:o.s.b.d.LoggingFailureAnalysisReporter:42 | 

***************************
APPLICATION FAILED TO START
***************************

Description:

Field jdbcTemplate in com.baidu.thymeleaf.controller.DataController required a bean of type 'org.springframework.jdbc.core.JdbcTemplate' that could not be found.

The injection point has the following annotations:
	- @org.springframework.beans.factory.annotation.Autowired(required=true)


Action:

Consider defining a bean of type 'org.springframework.jdbc.core.JdbcTemplate' in your configuration.

2020-05-06 09:08:41 | ERROR | restartedMain:o.s.b.d.LoggingFailureAnalysisReporter:42 | 

***************************
APPLICATION FAILED TO START
***************************

Description:

Field restTemplate in com.baidu.thymeleaf.controller.DataController required a bean of type 'org.springframework.web.client.RestTemplate' that could not be found.

The injection point has the following annotations:
	- @org.springframework.beans.factory.annotation.Autowired(required=true)


Action:

Consider defining a bean of type 'org.springframework.web.client.RestTemplate' in your configuration.

